[0.007s] Invoking command in '/home/niu/Desktop/ros2_hoop_detector/build/hoop_detector': CMAKE_PREFIX_PATH=${CMAKE_PREFIX_PATH}:/home/niu/Desktop/ROBOCON25_simulation-master/install/visualizer:/home/niu/Desktop/ROBOCON25_simulation-master/install/omni_mpc_controller:/home/niu/Desktop/ROBOCON25_simulation-master/install/new_teleotwistkeyboard:/home/niu/Desktop/ROBOCON25_simulation-master/install/lidar_avoidance:/home/niu/Desktop/ROBOCON25_simulation-master/install/laser:/opt/ros/humble /usr/bin/cmake /home/niu/Desktop/ros2_hoop_detector/src/hoop_detector -DCMAKE_INSTALL_PREFIX=/home/niu/Desktop/ros2_hoop_detector/install/hoop_detector
[0.021s] -- Found ament_cmake: 1.3.8 (/opt/ros/humble/share/ament_cmake/cmake)
[0.108s] -- Override CMake install command with custom implementation using symlinks instead of copying resources
[0.118s] -- Found rclcpp: 16.0.8 (/opt/ros/humble/share/rclcpp/cmake)
[0.139s] -- Found rosidl_generator_c: 3.1.5 (/opt/ros/humble/share/rosidl_generator_c/cmake)
[0.141s] -- Found rosidl_adapter: 3.1.5 (/opt/ros/humble/share/rosidl_adapter/cmake)
[0.146s] -- Found rosidl_generator_cpp: 3.1.5 (/opt/ros/humble/share/rosidl_generator_cpp/cmake)
[0.155s] -- Using all available rosidl_typesupport_c: rosidl_typesupport_fastrtps_c;rosidl_typesupport_introspection_c
[0.167s] -- Using all available rosidl_typesupport_cpp: rosidl_typesupport_fastrtps_cpp;rosidl_typesupport_introspection_cpp
[0.208s] -- Found rmw_implementation_cmake: 6.1.1 (/opt/ros/humble/share/rmw_implementation_cmake/cmake)
[0.210s] -- Found rmw_fastrtps_cpp: 6.2.6 (/opt/ros/humble/share/rmw_fastrtps_cpp/cmake)
[0.303s] -- Using RMW implementation 'rmw_fastrtps_cpp' as default
[0.407s] -- Found rclcpp_components: 16.0.8 (/opt/ros/humble/share/rclcpp_components/cmake)
[0.446s] -- Found sensor_msgs: 4.2.3 (/opt/ros/humble/share/sensor_msgs/cmake)
[0.528s] -- Found cv_bridge: 3.2.1 (/opt/ros/humble/share/cv_bridge/cmake)
[0.538s] -- Found image_transport: 3.1.9 (/opt/ros/humble/share/image_transport/cmake)
[0.562s] -- Found tf2: 0.25.6 (/opt/ros/humble/share/tf2/cmake)
[0.567s] -- Found tf2_ros: 0.25.6 (/opt/ros/humble/share/tf2_ros/cmake)
[0.726s] -- Found tf2_geometry_msgs: 0.25.6 (/opt/ros/humble/share/tf2_geometry_msgs/cmake)
[0.729s] -- Found eigen3_cmake_module: 0.1.1 (/opt/ros/humble/share/eigen3_cmake_module/cmake)
[0.730s] -- Ensuring Eigen3 include directory is part of orocos-kdl CMake target
[0.736s] -- Found visualization_msgs: 4.2.3 (/opt/ros/humble/share/visualization_msgs/cmake)
[0.819s] -- Found ament_lint_auto: 0.12.10 (/opt/ros/humble/share/ament_lint_auto/cmake)
[0.869s] -- Added test 'cppcheck' to perform static code analysis on C / C++ code
[0.869s] -- Configured cppcheck include dirs: /home/niu/Desktop/ros2_hoop_detector/src/hoop_detector/include;$<BUILD_INTERFACE:/home/niu/Desktop/ros2_hoop_detector/src/hoop_detector/include>;/home/niu/Desktop/ros2_hoop_detector/src/hoop_detector/../..
[0.869s] -- Configured cppcheck exclude dirs and/or files: 
[0.870s] -- Added test 'lint_cmake' to check CMake code style
[0.870s] -- Added test 'uncrustify' to check C / C++ code style
[0.870s] -- Configured uncrustify additional arguments: 
[0.871s] -- Added test 'xmllint' to check XML markup files
[0.872s] -- Configuring done
[0.887s] -- Generating done
[0.888s] -- Build files have been written to: /home/niu/Desktop/ros2_hoop_detector/build/hoop_detector
[0.896s] Invoked command in '/home/niu/Desktop/ros2_hoop_detector/build/hoop_detector' returned '0': CMAKE_PREFIX_PATH=${CMAKE_PREFIX_PATH}:/home/niu/Desktop/ROBOCON25_simulation-master/install/visualizer:/home/niu/Desktop/ROBOCON25_simulation-master/install/omni_mpc_controller:/home/niu/Desktop/ROBOCON25_simulation-master/install/new_teleotwistkeyboard:/home/niu/Desktop/ROBOCON25_simulation-master/install/lidar_avoidance:/home/niu/Desktop/ROBOCON25_simulation-master/install/laser:/opt/ros/humble /usr/bin/cmake /home/niu/Desktop/ros2_hoop_detector/src/hoop_detector -DCMAKE_INSTALL_PREFIX=/home/niu/Desktop/ros2_hoop_detector/install/hoop_detector
[0.896s] Invoking command in '/home/niu/Desktop/ros2_hoop_detector/build/hoop_detector': CMAKE_PREFIX_PATH=${CMAKE_PREFIX_PATH}:/home/niu/Desktop/ROBOCON25_simulation-master/install/visualizer:/home/niu/Desktop/ROBOCON25_simulation-master/install/omni_mpc_controller:/home/niu/Desktop/ROBOCON25_simulation-master/install/new_teleotwistkeyboard:/home/niu/Desktop/ROBOCON25_simulation-master/install/lidar_avoidance:/home/niu/Desktop/ROBOCON25_simulation-master/install/laser:/opt/ros/humble /usr/bin/cmake --build /home/niu/Desktop/ros2_hoop_detector/build/hoop_detector -- -j20 -l20
[0.932s] [35m[1mConsolidate compiler generated dependencies of target hoop_detector_algorithm[0m
[0.945s] [ 25%] [32mBuilding CXX object CMakeFiles/hoop_detector_algorithm.dir/home/niu/Desktop/ros2_hoop_detector/hoop_detector.cpp.o[0m
[1.715s] In file included from [01m[K/home/niu/Desktop/ros2_hoop_detector/hoop_detector.cpp:1[m[K:
[1.715s] [01m[K/home/niu/Desktop/ros2_hoop_detector/hoop_detector.hpp:[m[K In constructor â€˜[01m[KHoopDetector::HoopDetector(int, double, double)[m[Kâ€™:
[1.716s] [01m[K/home/niu/Desktop/ros2_hoop_detector/hoop_detector.hpp:69:43:[m[K [01;35m[Kwarning: [m[Kâ€˜[01m[KHoopDetector::last_save_time_[m[Kâ€™ will be initialized after [[01;35m[K]8;;https://gcc.gnu.org/onlinedocs/gcc/Warning-Options.html#index-Wreorder-Wreorder]8;;[m[K]
[1.716s]    69 | steady_clock::time_point [01;35m[Klast_save_time_[m[K;
[1.716s]       |                          [01;35m[K^~~~~~~~~~~~~~~[m[K
[1.716s] 
[1.716s] [01m[K/home/niu/Desktop/ros2_hoop_detector/hoop_detector.hpp:48:43:[m[K [01;35m[Kwarning: [m[K  â€˜[01m[Kstd::chrono::_V2::steady_clock::time_point HoopDetector::last_log_time_[m[Kâ€™ [[01;35m[K]8;;https://gcc.gnu.org/onlinedocs/gcc/Warning-Options.html#index-Wreorder-Wreorder]8;;[m[K]
[1.716s]    48 | steady_clock::time_point [01;35m[Klast_log_time_[m[K;
[1.716s]       |                          [01;35m[K^~~~~~~~~~~~~~[m[K
[1.716s] 
[1.716s] [01m[K/home/niu/Desktop/ros2_hoop_detector/hoop_detector.cpp:16:1:[m[K [01;35m[Kwarning: [m[K  when initialized here [[01;35m[K]8;;https://gcc.gnu.org/onlinedocs/gcc/Warning-Options.html#index-Wreorder-Wreorder]8;;[m[K]
[1.716s]    16 | [01;35m[KHoopDetector[m[K::HoopDetector(int kernel_size, double solidity_threshold, double min_score)
[1.716s]       | [01;35m[K^~~~~~~~~~~~[m[K
[1.719s] [01m[K/home/niu/Desktop/ros2_hoop_detector/hoop_detector.cpp:[m[K At global scope:
[1.719s] [01m[K/home/niu/Desktop/ros2_hoop_detector/hoop_detector.cpp:148:27:[m[K [01;31m[Kerror: [m[Kno declaration matches â€˜[01m[Kstd::pair<cv::Point_<int>, int> HoopDetector::detectCircle()[m[Kâ€™
[1.719s]   148 | td::pair<cv::Point, int> [01;31m[KHoopDetector[m[K::detectCircle() {
[1.719s]       |                          [01;31m[K^~~~~~~~~~~~[m[K
[1.719s] 
[1.719s] [01m[K/home/niu/Desktop/ros2_hoop_detector/hoop_detector.cpp:148:27:[m[K [01;36m[Knote: [m[Kno functions named â€˜[01m[Kstd::pair<cv::Point_<int>, int> HoopDetector::detectCircle()[m[Kâ€™
[1.719s] In file included from [01m[K/home/niu/Desktop/ros2_hoop_detector/hoop_detector.cpp:1[m[K:
[1.719s] [01m[K/home/niu/Desktop/ros2_hoop_detector/hoop_detector.hpp:9:7:[m[K [01;36m[Knote: [m[Kâ€˜[01m[Kclass HoopDetector[m[Kâ€™ defined here
[1.719s]     9 | class [01;36m[KHoopDetector[m[K {
[1.719s]       |       [01;36m[K^~~~~~~~~~~~[m[K
[1.726s] [01m[K/home/niu/Desktop/ros2_hoop_detector/hoop_detector.cpp:494:11:[m[K [01;31m[Kerror: [m[Kno declaration matches â€˜[01m[Kcv::Vec3f HoopDetector::solvePnP(const Point&, int)[m[Kâ€™
[1.726s]   494 | cv::Vec3f [01;31m[KHoopDetector[m[K::solvePnP(const cv::Point& center, int radius) {
[1.726s]       |           [01;31m[K^~~~~~~~~~~~[m[K
[1.726s] In file included from [01m[K/home/niu/Desktop/ros2_hoop_detector/hoop_detector.cpp:1[m[K:
[1.726s] [01m[K/home/niu/Desktop/ros2_hoop_detector/hoop_detector.hpp:43:15:[m[K [01;36m[Knote: [m[Kcandidate is: â€˜[01m[Kcv::Vec3f HoopDetector::solvePnP(const cv::RotatedRect&)[m[Kâ€™
[1.726s]    43 |     cv::Vec3f [01;36m[KsolvePnP[m[K(const cv::RotatedRect& ellipse);
[1.726s]       |               [01;36m[K^~~~~~~~[m[K
[1.726s] [01m[K/home/niu/Desktop/ros2_hoop_detector/hoop_detector.hpp:9:7:[m[K [01;36m[Knote: [m[Kâ€˜[01m[Kclass HoopDetector[m[Kâ€™ defined here
[1.726s]     9 | class [01;36m[KHoopDetector[m[K {
[1.726s]       |       [01;36m[K^~~~~~~~~~~~[m[K
[2.010s] gmake[2]: *** [CMakeFiles/hoop_detector_algorithm.dir/build.make:76ï¼šCMakeFiles/hoop_detector_algorithm.dir/home/niu/Desktop/ros2_hoop_detector/hoop_detector.cpp.o] é”™è¯¯ 1
[2.010s] gmake[1]: *** [CMakeFiles/Makefile2:139ï¼šCMakeFiles/hoop_detector_algorithm.dir/all] é”™è¯¯ 2
[2.010s] gmake: *** [Makefile:146ï¼šall] é”™è¯¯ 2
[2.012s] Invoked command in '/home/niu/Desktop/ros2_hoop_detector/build/hoop_detector' returned '2': CMAKE_PREFIX_PATH=${CMAKE_PREFIX_PATH}:/home/niu/Desktop/ROBOCON25_simulation-master/install/visualizer:/home/niu/Desktop/ROBOCON25_simulation-master/install/omni_mpc_controller:/home/niu/Desktop/ROBOCON25_simulation-master/install/new_teleotwistkeyboard:/home/niu/Desktop/ROBOCON25_simulation-master/install/lidar_avoidance:/home/niu/Desktop/ROBOCON25_simulation-master/install/laser:/opt/ros/humble /usr/bin/cmake --build /home/niu/Desktop/ros2_hoop_detector/build/hoop_detector -- -j20 -l20
