[35m[1mConsolidate compiler generated dependencies of target hoop_detector_algorithm[0m
[ 25%] [32mBuilding CXX object CMakeFiles/hoop_detector_algorithm.dir/home/niu/Desktop/ros2_hoop_detector/hoop_detector.cpp.o[0m
In file included from [01m[K/home/niu/Desktop/ros2_hoop_detector/hoop_detector.cpp:1[m[K:
[01m[K/home/niu/Desktop/ros2_hoop_detector/hoop_detector.hpp:[m[K In constructor â€˜[01m[KHoopDetector::HoopDetector(int, double, double)[m[Kâ€™:
[01m[K/home/niu/Desktop/ros2_hoop_detector/hoop_detector.hpp:75:43:[m[K [01;35m[Kwarning: [m[Kâ€˜[01m[KHoopDetector::last_save_time_[m[Kâ€™ will be initialized after [[01;35m[K]8;;https://gcc.gnu.org/onlinedocs/gcc/Warning-Options.html#index-Wreorder-Wreorder]8;;[m[K]
   75 |     std::chrono::steady_clock::time_point [01;35m[Klast_save_time_[m[K;
      |                                           [01;35m[K^~~~~~~~~~~~~~~[m[K
[01m[K/home/niu/Desktop/ros2_hoop_detector/hoop_detector.hpp:48:43:[m[K [01;35m[Kwarning: [m[K  â€˜[01m[Kstd::chrono::_V2::steady_clock::time_point HoopDetector::last_log_time_[m[Kâ€™ [[01;35m[K]8;;https://gcc.gnu.org/onlinedocs/gcc/Warning-Options.html#index-Wreorder-Wreorder]8;;[m[K]
   48 |     std::chrono::steady_clock::time_point [01;35m[Klast_log_time_[m[K;
      |                                           [01;35m[K^~~~~~~~~~~~~~[m[K
[01m[K/home/niu/Desktop/ros2_hoop_detector/hoop_detector.cpp:17:1:[m[K [01;35m[Kwarning: [m[K  when initialized here [[01;35m[K]8;;https://gcc.gnu.org/onlinedocs/gcc/Warning-Options.html#index-Wreorder-Wreorder]8;;[m[K]
   17 | [01;35m[KHoopDetector[m[K::HoopDetector(int kernel_size, double solidity_threshold, double min_score)
      | [01;35m[K^~~~~~~~~~~~[m[K
[ 50%] [32m[1mLinking CXX static library libhoop_detector_algorithm.a[0m
[ 50%] Built target hoop_detector_algorithm
[35m[1mConsolidate compiler generated dependencies of target hoop_detector_component[0m
[ 75%] [32mBuilding CXX object CMakeFiles/hoop_detector_component.dir/src/hoop_detector_node.cpp.o[0m
[01m[K/home/niu/Desktop/ros2_hoop_detector/src/hoop_detector/src/hoop_detector_node.cpp:[m[K In member function â€˜[01m[Kvoid hoop_detector::HoopDetectorNode::imageCallback(const ConstSharedPtr&)[m[Kâ€™:
[01m[K/home/niu/Desktop/ros2_hoop_detector/src/hoop_detector/src/hoop_detector_node.cpp:65:48:[m[K [01;31m[Kerror: [m[Kno matching function for call to â€˜[01m[KHoopDetector::solvePnP(std::tuple_element<0, std::pair<cv::Point_<int>, int> >::type&, std::tuple_element<1, std::pair<cv::Point_<int>, int> >::type&)[m[Kâ€™
   65 |             cv::Vec3f tvec = [01;31m[Kdetector_.solvePnP(center, radius)[m[K;
      |                              [01;31m[K~~~~~~~~~~~~~~~~~~^~~~~~~~~~~~~~~~[m[K
In file included from [01m[K/home/niu/Desktop/ros2_hoop_detector/src/hoop_detector/src/hoop_detector_node.cpp:2[m[K:
[01m[K/home/niu/Desktop/ros2_hoop_detector/src/hoop_detector/include/hoop_detector/hoop_detector.hpp:47:15:[m[K [01;36m[Knote: [m[Kcandidate: â€˜[01m[Kcv::Vec3f HoopDetector::solvePnP(const cv::RotatedRect&)[m[Kâ€™
   47 |     cv::Vec3f [01;36m[KsolvePnP[m[K(const cv::RotatedRect& ellipse);
      |               [01;36m[K^~~~~~~~[m[K
[01m[K/home/niu/Desktop/ros2_hoop_detector/src/hoop_detector/include/hoop_detector/hoop_detector.hpp:47:15:[m[K [01;36m[Knote: [m[K  candidate expects 1 argument, 2 provided
gmake[2]: *** [CMakeFiles/hoop_detector_component.dir/build.make:76ï¼šCMakeFiles/hoop_detector_component.dir/src/hoop_detector_node.cpp.o] é”™è¯¯ 1
gmake[1]: *** [CMakeFiles/Makefile2:165ï¼šCMakeFiles/hoop_detector_component.dir/all] é”™è¯¯ 2
gmake: *** [Makefile:146ï¼šall] é”™è¯¯ 2
