-- The C compiler identification is GNU 11.4.0
-- The CXX compiler identification is GNU 11.4.0
-- Detecting C compiler ABI info
-- Detecting C compiler ABI info - done
-- Check for working C compiler: /usr/bin/cc - skipped
-- Detecting C compile features
-- Detecting C compile features - done
-- Detecting CXX compiler ABI info
-- Detecting CXX compiler ABI info - done
-- Check for working CXX compiler: /usr/bin/c++ - skipped
-- Detecting CXX compile features
-- Detecting CXX compile features - done
-- Found ament_cmake: 1.3.8 (/opt/ros/humble/share/ament_cmake/cmake)
-- Found Python3: /usr/bin/python3 (found version "3.10.12") found components: Interpreter 
-- Found rclcpp: 16.0.8 (/opt/ros/humble/share/rclcpp/cmake)
-- Found rosidl_generator_c: 3.1.5 (/opt/ros/humble/share/rosidl_generator_c/cmake)
-- Found rosidl_adapter: 3.1.5 (/opt/ros/humble/share/rosidl_adapter/cmake)
-- Found rosidl_generator_cpp: 3.1.5 (/opt/ros/humble/share/rosidl_generator_cpp/cmake)
-- Using all available rosidl_typesupport_c: rosidl_typesupport_fastrtps_c;rosidl_typesupport_introspection_c
-- Using all available rosidl_typesupport_cpp: rosidl_typesupport_fastrtps_cpp;rosidl_typesupport_introspection_cpp
-- Found rmw_implementation_cmake: 6.1.1 (/opt/ros/humble/share/rmw_implementation_cmake/cmake)
-- Found rmw_fastrtps_cpp: 6.2.6 (/opt/ros/humble/share/rmw_fastrtps_cpp/cmake)
-- Found OpenSSL: /usr/lib/x86_64-linux-gnu/libcrypto.so (found version "3.0.2")  
-- Found FastRTPS: /opt/ros/humble/include  
-- Using RMW implementation 'rmw_fastrtps_cpp' as default
-- Looking for pthread.h
-- Looking for pthread.h - found
-- Performing Test CMAKE_HAVE_LIBC_PTHREAD
-- Performing Test CMAKE_HAVE_LIBC_PTHREAD - Success
-- Found Threads: TRUE  
-- Found rclcpp_components: 16.0.8 (/opt/ros/humble/share/rclcpp_components/cmake)
-- Found sensor_msgs: 4.2.3 (/opt/ros/humble/share/sensor_msgs/cmake)
-- Found cv_bridge: 3.2.1 (/opt/ros/humble/share/cv_bridge/cmake)
-- Found image_transport: 3.1.9 (/opt/ros/humble/share/image_transport/cmake)
-- Found tf2: 0.25.6 (/opt/ros/humble/share/tf2/cmake)
-- Found tf2_ros: 0.25.6 (/opt/ros/humble/share/tf2_ros/cmake)
-- Found tf2_geometry_msgs: 0.25.6 (/opt/ros/humble/share/tf2_geometry_msgs/cmake)
-- Found eigen3_cmake_module: 0.1.1 (/opt/ros/humble/share/eigen3_cmake_module/cmake)
-- Found Eigen3: TRUE (found version "3.4.0") 
-- Ensuring Eigen3 include directory is part of orocos-kdl CMake target
-- Found visualization_msgs: 4.2.3 (/opt/ros/humble/share/visualization_msgs/cmake)
-- Found OpenCV: /usr (found version "4.5.4") 
-- Found ament_lint_auto: 0.12.10 (/opt/ros/humble/share/ament_lint_auto/cmake)
-- Added test 'cppcheck' to perform static code analysis on C / C++ code
-- Configured cppcheck include dirs: /home/niu/Desktop/ros2_hoop_detector/src/hoop_detector/include;$<BUILD_INTERFACE:/home/niu/Desktop/ros2_hoop_detector/src/hoop_detector/include>;/home/niu/Desktop/ros2_hoop_detector/src/hoop_detector/../..
-- Configured cppcheck exclude dirs and/or files: 
-- Added test 'lint_cmake' to check CMake code style
-- Added test 'uncrustify' to check C / C++ code style
-- Configured uncrustify additional arguments: 
-- Added test 'xmllint' to check XML markup files
-- Configuring done
-- Generating done
-- Build files have been written to: /home/niu/Desktop/ros2_hoop_detector/build/hoop_detector
[ 25%] [32mBuilding CXX object CMakeFiles/hoop_detector_algorithm.dir/home/niu/Desktop/ros2_hoop_detector/hoop_detector.cpp.o[0m
In file included from [01m[K/home/niu/Desktop/ros2_hoop_detector/hoop_detector.cpp:1[m[K:
[01m[K/home/niu/Desktop/ros2_hoop_detector/hoop_detector.hpp:[m[K In constructor â€˜[01m[KHoopDetector::HoopDetector(int, double, double)[m[Kâ€™:
[01m[K/home/niu/Desktop/ros2_hoop_detector/hoop_detector.hpp:69:43:[m[K [01;35m[Kwarning: [m[Kâ€˜[01m[KHoopDetector::last_save_time_[m[Kâ€™ will be initialized after [[01;35m[K]8;;https://gcc.gnu.org/onlinedocs/gcc/Warning-Options.html#index-Wreorder-Wreorder]8;;[m[K]
   69 | rono::steady_clock::time_point [01;35m[Klast_save_time_[m[K;
      |                                [01;35m[K^~~~~~~~~~~~~~~[m[K

[01m[K/home/niu/Desktop/ros2_hoop_detector/hoop_detector.hpp:48:43:[m[K [01;35m[Kwarning: [m[K  â€˜[01m[Kstd::chrono::_V2::steady_clock::time_point HoopDetector::last_log_time_[m[Kâ€™ [[01;35m[K]8;;https://gcc.gnu.org/onlinedocs/gcc/Warning-Options.html#index-Wreorder-Wreorder]8;;[m[K]
   48 | rono::steady_clock::time_point [01;35m[Klast_log_time_[m[K;
      |                                [01;35m[K^~~~~~~~~~~~~~[m[K

[01m[K/home/niu/Desktop/ros2_hoop_detector/hoop_detector.cpp:16:1:[m[K [01;35m[Kwarning: [m[K  when initialized here [[01;35m[K]8;;https://gcc.gnu.org/onlinedocs/gcc/Warning-Options.html#index-Wreorder-Wreorder]8;;[m[K]
   16 | [01;35m[KHoopDetector[m[K::HoopDetector(int kernel_size, double solidity_threshold, double min_score)
      | [01;35m[K^~~~~~~~~~~~[m[K
[01m[K/home/niu/Desktop/ros2_hoop_detector/hoop_detector.cpp:[m[K In member function â€˜[01m[Kstd::pair<cv::Point_<int>, int> HoopDetector::detectCircle()[m[Kâ€™:
[01m[K/home/niu/Desktop/ros2_hoop_detector/hoop_detector.cpp:245:23:[m[K [01;35m[Kwarning: [m[Kvariable â€˜[01m[Kposition[m[Kâ€™ set but not used [[01;35m[K]8;;https://gcc.gnu.org/onlinedocs/gcc/Warning-Options.html#index-Wunused-but-set-variable-Wunused-but-set-variable]8;;[m[K]
  245 |             cv::Vec3f [01;35m[Kposition[m[K = solvePnP(center, radius);
      |                       [01;35m[K^~~~~~~~[m[K
[ 50%] [32m[1mLinking CXX shared library libhoop_detector_algorithm.so[0m
[ 50%] Built target hoop_detector_algorithm
[ 75%] [32mBuilding CXX object CMakeFiles/hoop_detector_component.dir/src/hoop_detector_node.cpp.o[0m
[01m[K/home/niu/Desktop/ros2_hoop_detector/src/hoop_detector/src/hoop_detector_node.cpp:14:1:[m[K [01;31m[Kerror: [m[Kâ€˜[01m[KHoopDetectorNode[m[Kâ€™ does not name a type; did you mean â€˜[01m[KHoopDetector[m[Kâ€™?
   14 | [01;31m[KHoopDetectorNode[m[K::HoopDetectorNode(const rclcpp::NodeOptions & options)
      | [01;31m[K^~~~~~~~~~~~~~~~[m[K
      | [32m[KHoopDetector[m[K
[01m[K/home/niu/Desktop/ros2_hoop_detector/src/hoop_detector/src/hoop_detector_node.cpp:41:6:[m[K [01;31m[Kerror: [m[Kâ€˜[01m[KHoopDetectorNode[m[Kâ€™ has not been declared
   41 | void [01;31m[KHoopDetectorNode[m[K::imageCallback(const sensor_msgs::msg::Image::ConstSharedPtr & msg)
      |      [01;31m[K^~~~~~~~~~~~~~~~[m[K
In file included from [01m[K/opt/ros/humble/include/rclcpp/rclcpp/client.hpp:40[m[K,
                 from [01m[K/opt/ros/humble/include/rclcpp/rclcpp/callback_group.hpp:24[m[K,
                 from [01m[K/opt/ros/humble/include/rclcpp/rclcpp/any_executable.hpp:20[m[K,
                 from [01m[K/opt/ros/humble/include/rclcpp/rclcpp/memory_strategy.hpp:25[m[K,
                 from [01m[K/opt/ros/humble/include/rclcpp/rclcpp/memory_strategies.hpp:18[m[K,
                 from [01m[K/opt/ros/humble/include/rclcpp/rclcpp/executor_options.hpp:20[m[K,
                 from [01m[K/opt/ros/humble/include/rclcpp/rclcpp/executor.hpp:37[m[K,
                 from [01m[K/opt/ros/humble/include/rclcpp/rclcpp/executors/multi_threaded_executor.hpp:25[m[K,
                 from [01m[K/opt/ros/humble/include/rclcpp/rclcpp/executors.hpp:21[m[K,
                 from [01m[K/opt/ros/humble/include/rclcpp/rclcpp/rclcpp.hpp:155[m[K,
                 from [01m[K/home/niu/Desktop/ros2_hoop_detector/src/hoop_detector/src/hoop_detector_node.cpp:1[m[K:
[01m[K/home/niu/Desktop/ros2_hoop_detector/src/hoop_detector/src/hoop_detector_node.cpp:[m[K In function â€˜[01m[Kvoid hoop_detector::imageCallback(const ConstSharedPtr&)[m[Kâ€™:
[01m[K/home/niu/Desktop/ros2_hoop_detector/src/hoop_detector/src/hoop_detector_node.cpp:48:22:[m[K [01;31m[Kerror: [m[Kâ€˜[01m[Kget_logger[m[Kâ€™ was not declared in this scope; did you mean â€˜[01m[Krclcpp::get_logger[m[Kâ€™?
   48 |         RCLCPP_ERROR([01;31m[Kget_logger[m[K(), "cv_bridge exception: %s", e.what());
      |                      [01;31m[K^~~~~~~~~~[m[K
In file included from [01m[K/opt/ros/humble/include/rclcpp/rclcpp/logging.hpp:23[m[K,
                 from [01m[K/opt/ros/humble/include/rclcpp/rclcpp/client.hpp:40[m[K,
                 from [01m[K/opt/ros/humble/include/rclcpp/rclcpp/callback_group.hpp:24[m[K,
                 from [01m[K/opt/ros/humble/include/rclcpp/rclcpp/any_executable.hpp:20[m[K,
                 from [01m[K/opt/ros/humble/include/rclcpp/rclcpp/memory_strategy.hpp:25[m[K,
                 from [01m[K/opt/ros/humble/include/rclcpp/rclcpp/memory_strategies.hpp:18[m[K,
                 from [01m[K/opt/ros/humble/include/rclcpp/rclcpp/executor_options.hpp:20[m[K,
                 from [01m[K/opt/ros/humble/include/rclcpp/rclcpp/executor.hpp:37[m[K,
                 from [01m[K/opt/ros/humble/include/rclcpp/rclcpp/executors/multi_threaded_executor.hpp:25[m[K,
                 from [01m[K/opt/ros/humble/include/rclcpp/rclcpp/executors.hpp:21[m[K,
                 from [01m[K/opt/ros/humble/include/rclcpp/rclcpp/rclcpp.hpp:155[m[K,
                 from [01m[K/home/niu/Desktop/ros2_hoop_detector/src/hoop_detector/src/hoop_detector_node.cpp:1[m[K:
[01m[K/opt/ros/humble/include/rclcpp/rclcpp/logger.hpp:106:17:[m[K [01;36m[Knote: [m[Kâ€˜[01m[Krclcpp::get_logger[m[Kâ€™ declared here
  106 |   friend Logger [01;36m[Krclcpp[m[K::get_logger(const std::string & name);
      |                 [01;36m[K^~~~~~[m[K
In file included from [01m[K/opt/ros/humble/include/rclcpp/rclcpp/client.hpp:40[m[K,
                 from [01m[K/opt/ros/humble/include/rclcpp/rclcpp/callback_group.hpp:24[m[K,
                 from [01m[K/opt/ros/humble/include/rclcpp/rclcpp/any_executable.hpp:20[m[K,
                 from [01m[K/opt/ros/humble/include/rclcpp/rclcpp/memory_strategy.hpp:25[m[K,
                 from [01m[K/opt/ros/humble/include/rclcpp/rclcpp/memory_strategies.hpp:18[m[K,
                 from [01m[K/opt/ros/humble/include/rclcpp/rclcpp/executor_options.hpp:20[m[K,
                 from [01m[K/opt/ros/humble/include/rclcpp/rclcpp/executor.hpp:37[m[K,
                 from [01m[K/opt/ros/humble/include/rclcpp/rclcpp/executors/multi_threaded_executor.hpp:25[m[K,
                 from [01m[K/opt/ros/humble/include/rclcpp/rclcpp/executors.hpp:21[m[K,
                 from [01m[K/opt/ros/humble/include/rclcpp/rclcpp/rclcpp.hpp:155[m[K,
                 from [01m[K/home/niu/Desktop/ros2_hoop_detector/src/hoop_detector/src/hoop_detector_node.cpp:1[m[K:
[01m[K/home/niu/Desktop/ros2_hoop_detector/src/hoop_detector/src/hoop_detector_node.cpp:48:9:[m[K [01;31m[Kerror: [m[Ktemplate argument 1 is invalid
   48 |         [01;31m[KRCLCPP_ERROR[m[K(get_logger(), "cv_bridge exception: %s", e.what());
      |         [01;31m[K^~~~~~~~~~~~[m[K
[01m[K/home/niu/Desktop/ros2_hoop_detector/src/hoop_detector/src/hoop_detector_node.cpp:48:9:[m[K [01;31m[Kerror: [m[Kâ€˜[01m[K<declaration error>[m[Kâ€™ is not a template [[01;31m[K]8;;https://gcc.gnu.org/onlinedocs/gcc/Warning-Options.html#index-fpermissive-fpermissive]8;;[m[K]
   48 |         [01;31m[KRCLCPP_ERROR[m[K(get_logger(), "cv_bridge exception: %s", e.what());
      |         [01;31m[K^~~~~~~~~~~~[m[K
[01m[K/home/niu/Desktop/ros2_hoop_detector/src/hoop_detector/src/hoop_detector_node.cpp:48:9:[m[K [01;31m[Kerror: [m[Ktemplate argument 1 is invalid
   48 |         [01;31m[KRCLCPP_ERROR[m[K(get_logger(), "cv_bridge exception: %s", e.what());
      |         [01;31m[K^~~~~~~~~~~~[m[K
[01m[K/home/niu/Desktop/ros2_hoop_detector/src/hoop_detector/src/hoop_detector_node.cpp:48:9:[m[K [01;31m[Kerror: [m[Kâ€˜[01m[K<declaration error>[m[Kâ€™ is not a template [[01;31m[K]8;;https://gcc.gnu.org/onlinedocs/gcc/Warning-Options.html#index-fpermissive-fpermissive]8;;[m[K]
   48 |         [01;31m[KRCLCPP_ERROR[m[K(get_logger(), "cv_bridge exception: %s", e.what());
      |         [01;31m[K^~~~~~~~~~~~[m[K
[01m[K/home/niu/Desktop/ros2_hoop_detector/src/hoop_detector/src/hoop_detector_node.cpp:48:9:[m[K [01;31m[Kerror: [m[Ktemplate argument 1 is invalid
   48 |         [01;31m[KRCLCPP_ERROR[m[K(get_logger(), "cv_bridge exception: %s", e.what());
      |         [01;31m[K^~~~~~~~~~~~[m[K
[01m[K/home/niu/Desktop/ros2_hoop_detector/src/hoop_detector/src/hoop_detector_node.cpp:56:9:[m[K [01;31m[Kerror: [m[Kâ€˜[01m[Kdetector_[m[Kâ€™ was not declared in this scope
   56 |         [01;31m[Kdetector_[m[K.resetTiming();
      |         [01;31m[K^~~~~~~~~[m[K
[01m[K/home/niu/Desktop/ros2_hoop_detector/src/hoop_detector/src/hoop_detector_node.cpp:69:40:[m[K [01;31m[Kerror: [m[Kâ€˜[01m[Kcamera_frame_[m[Kâ€™ was not declared in this scope
   69 |     pose_msg.header.frame_id = [01;31m[Kcamera_frame_[m[K;
      |                                [01;31m[K^~~~~~~~~~~~~[m[K

[01m[K/home/niu/Desktop/ros2_hoop_detector/src/hoop_detector/src/hoop_detector_node.cpp:74:13:[m[K [01;31m[Kerror: [m[Kâ€˜[01m[Kpose_pub_[m[Kâ€™ was not declared in this scope
   74 |             [01;31m[Kpose_pub_[m[K->publish(pose_msg);
      |             [01;31m[K^~~~~~~~~[m[K
[01m[K/home/niu/Desktop/ros2_hoop_detector/src/hoop_detector/src/hoop_detector_node.cpp:79:37:[m[K [01;31m[Kerror: [m[Kâ€˜[01m[Kdebug_pub_[m[Kâ€™ was not declared in this scope
   79 |    if (!debug_image.empty() && [01;31m[Kdebug_pub_[m[K.getNumSubscribers() > 0) {
      |                                [01;31m[K^~~~~~~~~~[m[K

In file included from [01m[K/opt/ros/humble/include/rclcpp/rclcpp/client.hpp:40[m[K,
                 from [01m[K/opt/ros/humble/include/rclcpp/rclcpp/callback_group.hpp:24[m[K,
                 from [01m[K/opt/ros/humble/include/rclcpp/rclcpp/any_executable.hpp:20[m[K,
                 from [01m[K/opt/ros/humble/include/rclcpp/rclcpp/memory_strategy.hpp:25[m[K,
                 from [01m[K/opt/ros/humble/include/rclcpp/rclcpp/memory_strategies.hpp:18[m[K,
                 from [01m[K/opt/ros/humble/include/rclcpp/rclcpp/executor_options.hpp:20[m[K,
                 from [01m[K/opt/ros/humble/include/rclcpp/rclcpp/executor.hpp:37[m[K,
                 from [01m[K/opt/ros/humble/include/rclcpp/rclcpp/executors/multi_threaded_executor.hpp:25[m[K,
                 from [01m[K/opt/ros/humble/include/rclcpp/rclcpp/executors.hpp:21[m[K,
                 from [01m[K/opt/ros/humble/include/rclcpp/rclcpp/rclcpp.hpp:155[m[K,
                 from [01m[K/home/niu/Desktop/ros2_hoop_detector/src/hoop_detector/src/hoop_detector_node.cpp:1[m[K:
[01m[K/home/niu/Desktop/ros2_hoop_detector/src/hoop_detector/src/hoop_detector_node.cpp:85:21:[m[K [01;31m[Kerror: [m[Kâ€˜[01m[Kget_logger[m[Kâ€™ was not declared in this scope; did you mean â€˜[01m[Krclcpp::get_logger[m[Kâ€™?
   85 |         RCLCPP_WARN([01;31m[Kget_logger[m[K(), "Hoop detection failed: %s", e.what());
      |                     [01;31m[K^~~~~~~~~~[m[K
In file included from [01m[K/opt/ros/humble/include/rclcpp/rclcpp/logging.hpp:23[m[K,
                 from [01m[K/opt/ros/humble/include/rclcpp/rclcpp/client.hpp:40[m[K,
                 from [01m[K/opt/ros/humble/include/rclcpp/rclcpp/callback_group.hpp:24[m[K,
                 from [01m[K/opt/ros/humble/include/rclcpp/rclcpp/any_executable.hpp:20[m[K,
                 from [01m[K/opt/ros/humble/include/rclcpp/rclcpp/memory_strategy.hpp:25[m[K,
                 from [01m[K/opt/ros/humble/include/rclcpp/rclcpp/memory_strategies.hpp:18[m[K,
                 from [01m[K/opt/ros/humble/include/rclcpp/rclcpp/executor_options.hpp:20[m[K,
                 from [01m[K/opt/ros/humble/include/rclcpp/rclcpp/executor.hpp:37[m[K,
                 from [01m[K/opt/ros/humble/include/rclcpp/rclcpp/executors/multi_threaded_executor.hpp:25[m[K,
                 from [01m[K/opt/ros/humble/include/rclcpp/rclcpp/executors.hpp:21[m[K,
                 from [01m[K/opt/ros/humble/include/rclcpp/rclcpp/rclcpp.hpp:155[m[K,
                 from [01m[K/home/niu/Desktop/ros2_hoop_detector/src/hoop_detector/src/hoop_detector_node.cpp:1[m[K:
[01m[K/opt/ros/humble/include/rclcpp/rclcpp/logger.hpp:106:17:[m[K [01;36m[Knote: [m[Kâ€˜[01m[Krclcpp::get_logger[m[Kâ€™ declared here
  106 |   friend Logger [01;36m[Krclcpp[m[K::get_logger(const std::string & name);
      |                 [01;36m[K^~~~~~[m[K
In file included from [01m[K/opt/ros/humble/include/rclcpp/rclcpp/client.hpp:40[m[K,
                 from [01m[K/opt/ros/humble/include/rclcpp/rclcpp/callback_group.hpp:24[m[K,
                 from [01m[K/opt/ros/humble/include/rclcpp/rclcpp/any_executable.hpp:20[m[K,
                 from [01m[K/opt/ros/humble/include/rclcpp/rclcpp/memory_strategy.hpp:25[m[K,
                 from [01m[K/opt/ros/humble/include/rclcpp/rclcpp/memory_strategies.hpp:18[m[K,
                 from [01m[K/opt/ros/humble/include/rclcpp/rclcpp/executor_options.hpp:20[m[K,
                 from [01m[K/opt/ros/humble/include/rclcpp/rclcpp/executor.hpp:37[m[K,
                 from [01m[K/opt/ros/humble/include/rclcpp/rclcpp/executors/multi_threaded_executor.hpp:25[m[K,
                 from [01m[K/opt/ros/humble/include/rclcpp/rclcpp/executors.hpp:21[m[K,
                 from [01m[K/opt/ros/humble/include/rclcpp/rclcpp/rclcpp.hpp:155[m[K,
                 from [01m[K/home/niu/Desktop/ros2_hoop_detector/src/hoop_detector/src/hoop_detector_node.cpp:1[m[K:
[01m[K/home/niu/Desktop/ros2_hoop_detector/src/hoop_detector/src/hoop_detector_node.cpp:85:9:[m[K [01;31m[Kerror: [m[Ktemplate argument 1 is invalid
   85 |         [01;31m[KRCLCPP_WARN[m[K(get_logger(), "Hoop detection failed: %s", e.what());
      |         [01;31m[K^~~~~~~~~~~[m[K
[01m[K/home/niu/Desktop/ros2_hoop_detector/src/hoop_detector/src/hoop_detector_node.cpp:85:9:[m[K [01;31m[Kerror: [m[Kâ€˜[01m[K<declaration error>[m[Kâ€™ is not a template [[01;31m[K]8;;https://gcc.gnu.org/onlinedocs/gcc/Warning-Options.html#index-fpermissive-fpermissive]8;;[m[K]
   85 |         [01;31m[KRCLCPP_WARN[m[K(get_logger(), "Hoop detection failed: %s", e.what());
      |         [01;31m[K^~~~~~~~~~~[m[K
[01m[K/home/niu/Desktop/ros2_hoop_detector/src/hoop_detector/src/hoop_detector_node.cpp:85:9:[m[K [01;31m[Kerror: [m[Ktemplate argument 1 is invalid
   85 |         [01;31m[KRCLCPP_WARN[m[K(get_logger(), "Hoop detection failed: %s", e.what());
      |         [01;31m[K^~~~~~~~~~~[m[K
[01m[K/home/niu/Desktop/ros2_hoop_detector/src/hoop_detector/src/hoop_detector_node.cpp:85:9:[m[K [01;31m[Kerror: [m[Kâ€˜[01m[K<declaration error>[m[Kâ€™ is not a template [[01;31m[K]8;;https://gcc.gnu.org/onlinedocs/gcc/Warning-Options.html#index-fpermissive-fpermissive]8;;[m[K]
   85 |         [01;31m[KRCLCPP_WARN[m[K(get_logger(), "Hoop detection failed: %s", e.what());
      |         [01;31m[K^~~~~~~~~~~[m[K
[01m[K/home/niu/Desktop/ros2_hoop_detector/src/hoop_detector/src/hoop_detector_node.cpp:85:9:[m[K [01;31m[Kerror: [m[Ktemplate argument 1 is invalid
   85 |         [01;31m[KRCLCPP_WARN[m[K(get_logger(), "Hoop detection failed: %s", e.what());
      |         [01;31m[K^~~~~~~~~~~[m[K
In file included from [01m[K/opt/ros/humble/include/class_loader/class_loader/class_loader.hpp:56[m[K,
                 from [01m[K/opt/ros/humble/include/rclcpp_components/rclcpp_components/register_node_macro.hpp:18[m[K,
                 from [01m[K/home/niu/Desktop/ros2_hoop_detector/src/hoop_detector/src/hoop_detector_node.cpp:8[m[K:
[01m[K/home/niu/Desktop/ros2_hoop_detector/src/hoop_detector/src/hoop_detector_node.cpp:[m[K At global scope:
[01m[K/home/niu/Desktop/ros2_hoop_detector/src/hoop_detector/src/hoop_detector_node.cpp:91:48:[m[K [01;31m[Kerror: [m[Kâ€˜[01m[KHoopDetectorNode[m[Kâ€™ is not a member of â€˜[01m[Khoop_detector[m[Kâ€™
   91 | S_REGISTER_NODE(hoop_detector::[01;31m[KHoopDetectorNode[m[K)
      |                                [01;31m[K^~~~~~~~~~~~~~~~[m[K

[01m[K/home/niu/Desktop/ros2_hoop_detector/src/hoop_detector/src/hoop_detector_node.cpp:91:1:[m[K [01;31m[Kerror: [m[Ktemplate argument 1 is invalid
   91 | [01;31m[KRCLCPP_COMPONENTS_REGISTER_NODE[m[K(hoop_detector::HoopDetectorNode)
      | [01;31m[K^~~~~~~~~~~~~~~~~~~~~~~~~~~~~~~[m[K
In file included from [01m[K/opt/ros/humble/include/class_loader/class_loader/class_loader_core.hpp:57[m[K,
                 from [01m[K/opt/ros/humble/include/class_loader/class_loader/class_loader.hpp:55[m[K,
                 from [01m[K/opt/ros/humble/include/rclcpp_components/rclcpp_components/register_node_macro.hpp:18[m[K,
                 from [01m[K/home/niu/Desktop/ros2_hoop_detector/src/hoop_detector/src/hoop_detector_node.cpp:8[m[K:
/opt/ros/humble/include/class_loader/class_loader/meta_object.hpp: In instantiation of â€˜[01m[KB* class_loader::impl::MetaObject<C, B>::create() const [with C = int; B = rclcpp_components::NodeFactory][m[Kâ€™:
[01m[K/opt/ros/humble/include/class_loader/class_loader/meta_object.hpp:216:7:[m[K   required from here
[01m[K/opt/ros/humble/include/class_loader/class_loader/meta_object.hpp:218:12:[m[K [01;31m[Kerror: [m[Kcannot convert â€˜[01m[Kint*[m[Kâ€™ to â€˜[01m[Krclcpp_components::NodeFactory*[m[Kâ€™ in return
  218 |     return [01;31m[Knew C[m[K;
      |            [01;31m[K^~~~~[m[K
      |            [01;31m[K|[m[K
      |            [01;31m[Kint*[m[K
gmake[2]: *** [CMakeFiles/hoop_detector_component.dir/build.make:76ï¼šCMakeFiles/hoop_detector_component.dir/src/hoop_detector_node.cpp.o] é”™è¯¯ 1
gmake[1]: *** [CMakeFiles/Makefile2:165ï¼šCMakeFiles/hoop_detector_component.dir/all] é”™è¯¯ 2
gmake: *** [Makefile:146ï¼šall] é”™è¯¯ 2
