[0.007s] Invoking command in '/home/niu/Desktop/ros2_hoop_detector/build/hoop_detector': CMAKE_PREFIX_PATH=${CMAKE_PREFIX_PATH}:/home/niu/Desktop/ROBOCON25_simulation-master/install/visualizer:/home/niu/Desktop/ROBOCON25_simulation-master/install/omni_mpc_controller:/home/niu/Desktop/ROBOCON25_simulation-master/install/new_teleotwistkeyboard:/home/niu/Desktop/ROBOCON25_simulation-master/install/lidar_avoidance:/home/niu/Desktop/ROBOCON25_simulation-master/install/laser:/opt/ros/humble /usr/bin/cmake /home/niu/Desktop/ros2_hoop_detector/src/hoop_detector -DCMAKE_INSTALL_PREFIX=/home/niu/Desktop/ros2_hoop_detector/install/hoop_detector
[0.046s] -- The C compiler identification is GNU 11.4.0
[0.084s] -- The CXX compiler identification is GNU 11.4.0
[0.088s] -- Detecting C compiler ABI info
[0.132s] -- Detecting C compiler ABI info - done
[0.137s] -- Check for working C compiler: /usr/bin/cc - skipped
[0.137s] -- Detecting C compile features
[0.137s] -- Detecting C compile features - done
[0.139s] -- Detecting CXX compiler ABI info
[0.194s] -- Detecting CXX compiler ABI info - done
[0.198s] -- Check for working CXX compiler: /usr/bin/c++ - skipped
[0.198s] -- Detecting CXX compile features
[0.198s] -- Detecting CXX compile features - done
[0.200s] -- Found ament_cmake: 1.3.8 (/opt/ros/humble/share/ament_cmake/cmake)
[0.308s] -- Found Python3: /usr/bin/python3 (found version "3.10.12") found components: Interpreter 
[0.376s] -- Found rclcpp: 16.0.8 (/opt/ros/humble/share/rclcpp/cmake)
[0.410s] -- Found rosidl_generator_c: 3.1.5 (/opt/ros/humble/share/rosidl_generator_c/cmake)
[0.414s] -- Found rosidl_adapter: 3.1.5 (/opt/ros/humble/share/rosidl_adapter/cmake)
[0.421s] -- Found rosidl_generator_cpp: 3.1.5 (/opt/ros/humble/share/rosidl_generator_cpp/cmake)
[0.432s] -- Using all available rosidl_typesupport_c: rosidl_typesupport_fastrtps_c;rosidl_typesupport_introspection_c
[0.452s] -- Using all available rosidl_typesupport_cpp: rosidl_typesupport_fastrtps_cpp;rosidl_typesupport_introspection_cpp
[0.502s] -- Found rmw_implementation_cmake: 6.1.1 (/opt/ros/humble/share/rmw_implementation_cmake/cmake)
[0.504s] -- Found rmw_fastrtps_cpp: 6.2.6 (/opt/ros/humble/share/rmw_fastrtps_cpp/cmake)
[0.583s] -- Found OpenSSL: /usr/lib/x86_64-linux-gnu/libcrypto.so (found version "3.0.2")  
[0.602s] -- Found FastRTPS: /opt/ros/humble/include  
[0.635s] -- Using RMW implementation 'rmw_fastrtps_cpp' as default
[0.642s] -- Looking for pthread.h
[0.689s] -- Looking for pthread.h - found
[0.689s] -- Performing Test CMAKE_HAVE_LIBC_PTHREAD
[0.742s] -- Performing Test CMAKE_HAVE_LIBC_PTHREAD - Success
[0.743s] -- Found Threads: TRUE  
[0.850s] -- Found rclcpp_components: 16.0.8 (/opt/ros/humble/share/rclcpp_components/cmake)
[0.896s] -- Found sensor_msgs: 4.2.3 (/opt/ros/humble/share/sensor_msgs/cmake)
[0.980s] -- Found cv_bridge: 3.2.1 (/opt/ros/humble/share/cv_bridge/cmake)
[0.991s] -- Found image_transport: 3.1.9 (/opt/ros/humble/share/image_transport/cmake)
[1.019s] -- Found tf2: 0.25.6 (/opt/ros/humble/share/tf2/cmake)
[1.025s] -- Found tf2_ros: 0.25.6 (/opt/ros/humble/share/tf2_ros/cmake)
[1.184s] -- Found tf2_geometry_msgs: 0.25.6 (/opt/ros/humble/share/tf2_geometry_msgs/cmake)
[1.195s] -- Found eigen3_cmake_module: 0.1.1 (/opt/ros/humble/share/eigen3_cmake_module/cmake)
[1.196s] -- Found Eigen3: TRUE (found version "3.4.0") 
[1.196s] -- Ensuring Eigen3 include directory is part of orocos-kdl CMake target
[1.203s] -- Found visualization_msgs: 4.2.3 (/opt/ros/humble/share/visualization_msgs/cmake)
[1.280s] -- Found OpenCV: /usr (found version "4.5.4") 
[1.287s] -- Found ament_lint_auto: 0.12.10 (/opt/ros/humble/share/ament_lint_auto/cmake)
[1.342s] -- Added test 'cppcheck' to perform static code analysis on C / C++ code
[1.342s] -- Configured cppcheck include dirs: /home/niu/Desktop/ros2_hoop_detector/src/hoop_detector/include;$<BUILD_INTERFACE:/home/niu/Desktop/ros2_hoop_detector/src/hoop_detector/include>;/home/niu/Desktop/ros2_hoop_detector/src/hoop_detector/../..
[1.342s] -- Configured cppcheck exclude dirs and/or files: 
[1.342s] -- Added test 'lint_cmake' to check CMake code style
[1.343s] -- Added test 'uncrustify' to check C / C++ code style
[1.343s] -- Configured uncrustify additional arguments: 
[1.343s] -- Added test 'xmllint' to check XML markup files
[1.344s] -- Configuring done
[1.359s] -- Generating done
[1.360s] -- Build files have been written to: /home/niu/Desktop/ros2_hoop_detector/build/hoop_detector
[1.368s] Invoked command in '/home/niu/Desktop/ros2_hoop_detector/build/hoop_detector' returned '0': CMAKE_PREFIX_PATH=${CMAKE_PREFIX_PATH}:/home/niu/Desktop/ROBOCON25_simulation-master/install/visualizer:/home/niu/Desktop/ROBOCON25_simulation-master/install/omni_mpc_controller:/home/niu/Desktop/ROBOCON25_simulation-master/install/new_teleotwistkeyboard:/home/niu/Desktop/ROBOCON25_simulation-master/install/lidar_avoidance:/home/niu/Desktop/ROBOCON25_simulation-master/install/laser:/opt/ros/humble /usr/bin/cmake /home/niu/Desktop/ros2_hoop_detector/src/hoop_detector -DCMAKE_INSTALL_PREFIX=/home/niu/Desktop/ros2_hoop_detector/install/hoop_detector
[1.370s] Invoking command in '/home/niu/Desktop/ros2_hoop_detector/build/hoop_detector': CMAKE_PREFIX_PATH=${CMAKE_PREFIX_PATH}:/home/niu/Desktop/ROBOCON25_simulation-master/install/visualizer:/home/niu/Desktop/ROBOCON25_simulation-master/install/omni_mpc_controller:/home/niu/Desktop/ROBOCON25_simulation-master/install/new_teleotwistkeyboard:/home/niu/Desktop/ROBOCON25_simulation-master/install/lidar_avoidance:/home/niu/Desktop/ROBOCON25_simulation-master/install/laser:/opt/ros/humble /usr/bin/cmake --build /home/niu/Desktop/ros2_hoop_detector/build/hoop_detector -- -j20 -l20
[1.410s] [ 25%] [32mBuilding CXX object CMakeFiles/hoop_detector_algorithm.dir/home/niu/Desktop/ros2_hoop_detector/hoop_detector.cpp.o[0m
[2.139s] In file included from [01m[K/home/niu/Desktop/ros2_hoop_detector/hoop_detector.cpp:1[m[K:
[2.139s] [01m[K/home/niu/Desktop/ros2_hoop_detector/hoop_detector.hpp:[m[K In constructor â€˜[01m[KHoopDetector::HoopDetector(int, double, double)[m[Kâ€™:
[2.139s] [01m[K/home/niu/Desktop/ros2_hoop_detector/hoop_detector.hpp:69:43:[m[K [01;35m[Kwarning: [m[Kâ€˜[01m[KHoopDetector::last_save_time_[m[Kâ€™ will be initialized after [[01;35m[K]8;;https://gcc.gnu.org/onlinedocs/gcc/Warning-Options.html#index-Wreorder-Wreorder]8;;[m[K]
[2.139s]    69 | rono::steady_clock::time_point [01;35m[Klast_save_time_[m[K;
[2.139s]       |                                [01;35m[K^~~~~~~~~~~~~~~[m[K
[2.139s] 
[2.139s] [01m[K/home/niu/Desktop/ros2_hoop_detector/hoop_detector.hpp:48:43:[m[K [01;35m[Kwarning: [m[K  â€˜[01m[Kstd::chrono::_V2::steady_clock::time_point HoopDetector::last_log_time_[m[Kâ€™ [[01;35m[K]8;;https://gcc.gnu.org/onlinedocs/gcc/Warning-Options.html#index-Wreorder-Wreorder]8;;[m[K]
[2.139s]    48 | rono::steady_clock::time_point [01;35m[Klast_log_time_[m[K;
[2.139s]       |                                [01;35m[K^~~~~~~~~~~~~~[m[K
[2.139s] 
[2.139s] [01m[K/home/niu/Desktop/ros2_hoop_detector/hoop_detector.cpp:16:1:[m[K [01;35m[Kwarning: [m[K  when initialized here [[01;35m[K]8;;https://gcc.gnu.org/onlinedocs/gcc/Warning-Options.html#index-Wreorder-Wreorder]8;;[m[K]
[2.139s]    16 | [01;35m[KHoopDetector[m[K::HoopDetector(int kernel_size, double solidity_threshold, double min_score)
[2.139s]       | [01;35m[K^~~~~~~~~~~~[m[K
[2.149s] [01m[K/home/niu/Desktop/ros2_hoop_detector/hoop_detector.cpp:[m[K In member function â€˜[01m[Kstd::pair<cv::Point_<int>, int> HoopDetector::detectCircle()[m[Kâ€™:
[2.149s] [01m[K/home/niu/Desktop/ros2_hoop_detector/hoop_detector.cpp:245:23:[m[K [01;35m[Kwarning: [m[Kvariable â€˜[01m[Kposition[m[Kâ€™ set but not used [[01;35m[K]8;;https://gcc.gnu.org/onlinedocs/gcc/Warning-Options.html#index-Wunused-but-set-variable-Wunused-but-set-variable]8;;[m[K]
[2.149s]   245 |             cv::Vec3f [01;35m[Kposition[m[K = solvePnP(center, radius);
[2.149s]       |                       [01;35m[K^~~~~~~~[m[K
[2.682s] [ 50%] [32m[1mLinking CXX shared library libhoop_detector_algorithm.so[0m
[2.874s] [ 50%] Built target hoop_detector_algorithm
[2.891s] [ 75%] [32mBuilding CXX object CMakeFiles/hoop_detector_component.dir/src/hoop_detector_node.cpp.o[0m
[4.723s] [01m[K/home/niu/Desktop/ros2_hoop_detector/src/hoop_detector/src/hoop_detector_node.cpp:14:1:[m[K [01;31m[Kerror: [m[Kâ€˜[01m[KHoopDetectorNode[m[Kâ€™ does not name a type; did you mean â€˜[01m[KHoopDetector[m[Kâ€™?
[4.723s]    14 | [01;31m[KHoopDetectorNode[m[K::HoopDetectorNode(const rclcpp::NodeOptions & options)
[4.723s]       | [01;31m[K^~~~~~~~~~~~~~~~[m[K
[4.723s]       | [32m[KHoopDetector[m[K
[4.723s] [01m[K/home/niu/Desktop/ros2_hoop_detector/src/hoop_detector/src/hoop_detector_node.cpp:41:6:[m[K [01;31m[Kerror: [m[Kâ€˜[01m[KHoopDetectorNode[m[Kâ€™ has not been declared
[4.723s]    41 | void [01;31m[KHoopDetectorNode[m[K::imageCallback(const sensor_msgs::msg::Image::ConstSharedPtr & msg)
[4.723s]       |      [01;31m[K^~~~~~~~~~~~~~~~[m[K
[4.729s] In file included from [01m[K/opt/ros/humble/include/rclcpp/rclcpp/client.hpp:40[m[K,
[4.729s]                  from [01m[K/opt/ros/humble/include/rclcpp/rclcpp/callback_group.hpp:24[m[K,
[4.729s]                  from [01m[K/opt/ros/humble/include/rclcpp/rclcpp/any_executable.hpp:20[m[K,
[4.729s]                  from [01m[K/opt/ros/humble/include/rclcpp/rclcpp/memory_strategy.hpp:25[m[K,
[4.729s]                  from [01m[K/opt/ros/humble/include/rclcpp/rclcpp/memory_strategies.hpp:18[m[K,
[4.729s]                  from [01m[K/opt/ros/humble/include/rclcpp/rclcpp/executor_options.hpp:20[m[K,
[4.729s]                  from [01m[K/opt/ros/humble/include/rclcpp/rclcpp/executor.hpp:37[m[K,
[4.729s]                  from [01m[K/opt/ros/humble/include/rclcpp/rclcpp/executors/multi_threaded_executor.hpp:25[m[K,
[4.729s]                  from [01m[K/opt/ros/humble/include/rclcpp/rclcpp/executors.hpp:21[m[K,
[4.729s]                  from [01m[K/opt/ros/humble/include/rclcpp/rclcpp/rclcpp.hpp:155[m[K,
[4.729s]                  from [01m[K/home/niu/Desktop/ros2_hoop_detector/src/hoop_detector/src/hoop_detector_node.cpp:1[m[K:
[4.729s] [01m[K/home/niu/Desktop/ros2_hoop_detector/src/hoop_detector/src/hoop_detector_node.cpp:[m[K In function â€˜[01m[Kvoid hoop_detector::imageCallback(const ConstSharedPtr&)[m[Kâ€™:
[4.729s] [01m[K/home/niu/Desktop/ros2_hoop_detector/src/hoop_detector/src/hoop_detector_node.cpp:48:22:[m[K [01;31m[Kerror: [m[Kâ€˜[01m[Kget_logger[m[Kâ€™ was not declared in this scope; did you mean â€˜[01m[Krclcpp::get_logger[m[Kâ€™?
[4.729s]    48 |         RCLCPP_ERROR([01;31m[Kget_logger[m[K(), "cv_bridge exception: %s", e.what());
[4.729s]       |                      [01;31m[K^~~~~~~~~~[m[K
[4.729s] In file included from [01m[K/opt/ros/humble/include/rclcpp/rclcpp/logging.hpp:23[m[K,
[4.729s]                  from [01m[K/opt/ros/humble/include/rclcpp/rclcpp/client.hpp:40[m[K,
[4.729s]                  from [01m[K/opt/ros/humble/include/rclcpp/rclcpp/callback_group.hpp:24[m[K,
[4.729s]                  from [01m[K/opt/ros/humble/include/rclcpp/rclcpp/any_executable.hpp:20[m[K,
[4.729s]                  from [01m[K/opt/ros/humble/include/rclcpp/rclcpp/memory_strategy.hpp:25[m[K,
[4.729s]                  from [01m[K/opt/ros/humble/include/rclcpp/rclcpp/memory_strategies.hpp:18[m[K,
[4.729s]                  from [01m[K/opt/ros/humble/include/rclcpp/rclcpp/executor_options.hpp:20[m[K,
[4.729s]                  from [01m[K/opt/ros/humble/include/rclcpp/rclcpp/executor.hpp:37[m[K,
[4.729s]                  from [01m[K/opt/ros/humble/include/rclcpp/rclcpp/executors/multi_threaded_executor.hpp:25[m[K,
[4.729s]                  from [01m[K/opt/ros/humble/include/rclcpp/rclcpp/executors.hpp:21[m[K,
[4.729s]                  from [01m[K/opt/ros/humble/include/rclcpp/rclcpp/rclcpp.hpp:155[m[K,
[4.729s]                  from [01m[K/home/niu/Desktop/ros2_hoop_detector/src/hoop_detector/src/hoop_detector_node.cpp:1[m[K:
[4.729s] [01m[K/opt/ros/humble/include/rclcpp/rclcpp/logger.hpp:106:17:[m[K [01;36m[Knote: [m[Kâ€˜[01m[Krclcpp::get_logger[m[Kâ€™ declared here
[4.730s]   106 |   friend Logger [01;36m[Krclcpp[m[K::get_logger(const std::string & name);
[4.730s]       |                 [01;36m[K^~~~~~[m[K
[4.730s] In file included from [01m[K/opt/ros/humble/include/rclcpp/rclcpp/client.hpp:40[m[K,
[4.730s]                  from [01m[K/opt/ros/humble/include/rclcpp/rclcpp/callback_group.hpp:24[m[K,
[4.730s]                  from [01m[K/opt/ros/humble/include/rclcpp/rclcpp/any_executable.hpp:20[m[K,
[4.730s]                  from [01m[K/opt/ros/humble/include/rclcpp/rclcpp/memory_strategy.hpp:25[m[K,
[4.730s]                  from [01m[K/opt/ros/humble/include/rclcpp/rclcpp/memory_strategies.hpp:18[m[K,
[4.730s]                  from [01m[K/opt/ros/humble/include/rclcpp/rclcpp/executor_options.hpp:20[m[K,
[4.730s]                  from [01m[K/opt/ros/humble/include/rclcpp/rclcpp/executor.hpp:37[m[K,
[4.730s]                  from [01m[K/opt/ros/humble/include/rclcpp/rclcpp/executors/multi_threaded_executor.hpp:25[m[K,
[4.730s]                  from [01m[K/opt/ros/humble/include/rclcpp/rclcpp/executors.hpp:21[m[K,
[4.730s]                  from [01m[K/opt/ros/humble/include/rclcpp/rclcpp/rclcpp.hpp:155[m[K,
[4.730s]                  from [01m[K/home/niu/Desktop/ros2_hoop_detector/src/hoop_detector/src/hoop_detector_node.cpp:1[m[K:
[4.730s] [01m[K/home/niu/Desktop/ros2_hoop_detector/src/hoop_detector/src/hoop_detector_node.cpp:48:9:[m[K [01;31m[Kerror: [m[Ktemplate argument 1 is invalid
[4.730s]    48 |         [01;31m[KRCLCPP_ERROR[m[K(get_logger(), "cv_bridge exception: %s", e.what());
[4.730s]       |         [01;31m[K^~~~~~~~~~~~[m[K
[4.730s] [01m[K/home/niu/Desktop/ros2_hoop_detector/src/hoop_detector/src/hoop_detector_node.cpp:48:9:[m[K [01;31m[Kerror: [m[Kâ€˜[01m[K<declaration error>[m[Kâ€™ is not a template [[01;31m[K]8;;https://gcc.gnu.org/onlinedocs/gcc/Warning-Options.html#index-fpermissive-fpermissive]8;;[m[K]
[4.730s]    48 |         [01;31m[KRCLCPP_ERROR[m[K(get_logger(), "cv_bridge exception: %s", e.what());
[4.730s]       |         [01;31m[K^~~~~~~~~~~~[m[K
[4.730s] [01m[K/home/niu/Desktop/ros2_hoop_detector/src/hoop_detector/src/hoop_detector_node.cpp:48:9:[m[K [01;31m[Kerror: [m[Ktemplate argument 1 is invalid
[4.730s]    48 |         [01;31m[KRCLCPP_ERROR[m[K(get_logger(), "cv_bridge exception: %s", e.what());
[4.730s]       |         [01;31m[K^~~~~~~~~~~~[m[K
[4.730s] [01m[K/home/niu/Desktop/ros2_hoop_detector/src/hoop_detector/src/hoop_detector_node.cpp:48:9:[m[K [01;31m[Kerror: [m[Kâ€˜[01m[K<declaration error>[m[Kâ€™ is not a template [[01;31m[K]8;;https://gcc.gnu.org/onlinedocs/gcc/Warning-Options.html#index-fpermissive-fpermissive]8;;[m[K]
[4.730s]    48 |         [01;31m[KRCLCPP_ERROR[m[K(get_logger(), "cv_bridge exception: %s", e.what());
[4.730s]       |         [01;31m[K^~~~~~~~~~~~[m[K
[4.730s] [01m[K/home/niu/Desktop/ros2_hoop_detector/src/hoop_detector/src/hoop_detector_node.cpp:48:9:[m[K [01;31m[Kerror: [m[Ktemplate argument 1 is invalid
[4.730s]    48 |         [01;31m[KRCLCPP_ERROR[m[K(get_logger(), "cv_bridge exception: %s", e.what());
[4.730s]       |         [01;31m[K^~~~~~~~~~~~[m[K
[4.733s] [01m[K/home/niu/Desktop/ros2_hoop_detector/src/hoop_detector/src/hoop_detector_node.cpp:56:9:[m[K [01;31m[Kerror: [m[Kâ€˜[01m[Kdetector_[m[Kâ€™ was not declared in this scope
[4.733s]    56 |         [01;31m[Kdetector_[m[K.resetTiming();
[4.733s]       |         [01;31m[K^~~~~~~~~[m[K
[4.738s] [01m[K/home/niu/Desktop/ros2_hoop_detector/src/hoop_detector/src/hoop_detector_node.cpp:69:40:[m[K [01;31m[Kerror: [m[Kâ€˜[01m[Kcamera_frame_[m[Kâ€™ was not declared in this scope
[4.738s]    69 |     pose_msg.header.frame_id = [01;31m[Kcamera_frame_[m[K;
[4.738s]       |                                [01;31m[K^~~~~~~~~~~~~[m[K
[4.738s] 
[4.742s] [01m[K/home/niu/Desktop/ros2_hoop_detector/src/hoop_detector/src/hoop_detector_node.cpp:74:13:[m[K [01;31m[Kerror: [m[Kâ€˜[01m[Kpose_pub_[m[Kâ€™ was not declared in this scope
[4.742s]    74 |             [01;31m[Kpose_pub_[m[K->publish(pose_msg);
[4.742s]       |             [01;31m[K^~~~~~~~~[m[K
[4.746s] [01m[K/home/niu/Desktop/ros2_hoop_detector/src/hoop_detector/src/hoop_detector_node.cpp:79:37:[m[K [01;31m[Kerror: [m[Kâ€˜[01m[Kdebug_pub_[m[Kâ€™ was not declared in this scope
[4.746s]    79 |    if (!debug_image.empty() && [01;31m[Kdebug_pub_[m[K.getNumSubscribers() > 0) {
[4.746s]       |                                [01;31m[K^~~~~~~~~~[m[K
[4.746s] 
[4.749s] In file included from [01m[K/opt/ros/humble/include/rclcpp/rclcpp/client.hpp:40[m[K,
[4.749s]                  from [01m[K/opt/ros/humble/include/rclcpp/rclcpp/callback_group.hpp:24[m[K,
[4.749s]                  from [01m[K/opt/ros/humble/include/rclcpp/rclcpp/any_executable.hpp:20[m[K,
[4.749s]                  from [01m[K/opt/ros/humble/include/rclcpp/rclcpp/memory_strategy.hpp:25[m[K,
[4.749s]                  from [01m[K/opt/ros/humble/include/rclcpp/rclcpp/memory_strategies.hpp:18[m[K,
[4.749s]                  from [01m[K/opt/ros/humble/include/rclcpp/rclcpp/executor_options.hpp:20[m[K,
[4.749s]                  from [01m[K/opt/ros/humble/include/rclcpp/rclcpp/executor.hpp:37[m[K,
[4.749s]                  from [01m[K/opt/ros/humble/include/rclcpp/rclcpp/executors/multi_threaded_executor.hpp:25[m[K,
[4.749s]                  from [01m[K/opt/ros/humble/include/rclcpp/rclcpp/executors.hpp:21[m[K,
[4.749s]                  from [01m[K/opt/ros/humble/include/rclcpp/rclcpp/rclcpp.hpp:155[m[K,
[4.749s]                  from [01m[K/home/niu/Desktop/ros2_hoop_detector/src/hoop_detector/src/hoop_detector_node.cpp:1[m[K:
[4.749s] [01m[K/home/niu/Desktop/ros2_hoop_detector/src/hoop_detector/src/hoop_detector_node.cpp:85:21:[m[K [01;31m[Kerror: [m[Kâ€˜[01m[Kget_logger[m[Kâ€™ was not declared in this scope; did you mean â€˜[01m[Krclcpp::get_logger[m[Kâ€™?
[4.749s]    85 |         RCLCPP_WARN([01;31m[Kget_logger[m[K(), "Hoop detection failed: %s", e.what());
[4.749s]       |                     [01;31m[K^~~~~~~~~~[m[K
[4.749s] In file included from [01m[K/opt/ros/humble/include/rclcpp/rclcpp/logging.hpp:23[m[K,
[4.749s]                  from [01m[K/opt/ros/humble/include/rclcpp/rclcpp/client.hpp:40[m[K,
[4.749s]                  from [01m[K/opt/ros/humble/include/rclcpp/rclcpp/callback_group.hpp:24[m[K,
[4.749s]                  from [01m[K/opt/ros/humble/include/rclcpp/rclcpp/any_executable.hpp:20[m[K,
[4.749s]                  from [01m[K/opt/ros/humble/include/rclcpp/rclcpp/memory_strategy.hpp:25[m[K,
[4.749s]                  from [01m[K/opt/ros/humble/include/rclcpp/rclcpp/memory_strategies.hpp:18[m[K,
[4.749s]                  from [01m[K/opt/ros/humble/include/rclcpp/rclcpp/executor_options.hpp:20[m[K,
[4.749s]                  from [01m[K/opt/ros/humble/include/rclcpp/rclcpp/executor.hpp:37[m[K,
[4.749s]                  from [01m[K/opt/ros/humble/include/rclcpp/rclcpp/executors/multi_threaded_executor.hpp:25[m[K,
[4.749s]                  from [01m[K/opt/ros/humble/include/rclcpp/rclcpp/executors.hpp:21[m[K,
[4.749s]                  from [01m[K/opt/ros/humble/include/rclcpp/rclcpp/rclcpp.hpp:155[m[K,
[4.749s]                  from [01m[K/home/niu/Desktop/ros2_hoop_detector/src/hoop_detector/src/hoop_detector_node.cpp:1[m[K:
[4.749s] [01m[K/opt/ros/humble/include/rclcpp/rclcpp/logger.hpp:106:17:[m[K [01;36m[Knote: [m[Kâ€˜[01m[Krclcpp::get_logger[m[Kâ€™ declared here
[4.749s]   106 |   friend Logger [01;36m[Krclcpp[m[K::get_logger(const std::string & name);
[4.750s]       |                 [01;36m[K^~~~~~[m[K
[4.750s] In file included from [01m[K/opt/ros/humble/include/rclcpp/rclcpp/client.hpp:40[m[K,
[4.750s]                  from [01m[K/opt/ros/humble/include/rclcpp/rclcpp/callback_group.hpp:24[m[K,
[4.750s]                  from [01m[K/opt/ros/humble/include/rclcpp/rclcpp/any_executable.hpp:20[m[K,
[4.750s]                  from [01m[K/opt/ros/humble/include/rclcpp/rclcpp/memory_strategy.hpp:25[m[K,
[4.750s]                  from [01m[K/opt/ros/humble/include/rclcpp/rclcpp/memory_strategies.hpp:18[m[K,
[4.750s]                  from [01m[K/opt/ros/humble/include/rclcpp/rclcpp/executor_options.hpp:20[m[K,
[4.750s]                  from [01m[K/opt/ros/humble/include/rclcpp/rclcpp/executor.hpp:37[m[K,
[4.750s]                  from [01m[K/opt/ros/humble/include/rclcpp/rclcpp/executors/multi_threaded_executor.hpp:25[m[K,
[4.750s]                  from [01m[K/opt/ros/humble/include/rclcpp/rclcpp/executors.hpp:21[m[K,
[4.750s]                  from [01m[K/opt/ros/humble/include/rclcpp/rclcpp/rclcpp.hpp:155[m[K,
[4.750s]                  from [01m[K/home/niu/Desktop/ros2_hoop_detector/src/hoop_detector/src/hoop_detector_node.cpp:1[m[K:
[4.750s] [01m[K/home/niu/Desktop/ros2_hoop_detector/src/hoop_detector/src/hoop_detector_node.cpp:85:9:[m[K [01;31m[Kerror: [m[Ktemplate argument 1 is invalid
[4.750s]    85 |         [01;31m[KRCLCPP_WARN[m[K(get_logger(), "Hoop detection failed: %s", e.what());
[4.750s]       |         [01;31m[K^~~~~~~~~~~[m[K
[4.750s] [01m[K/home/niu/Desktop/ros2_hoop_detector/src/hoop_detector/src/hoop_detector_node.cpp:85:9:[m[K [01;31m[Kerror: [m[Kâ€˜[01m[K<declaration error>[m[Kâ€™ is not a template [[01;31m[K]8;;https://gcc.gnu.org/onlinedocs/gcc/Warning-Options.html#index-fpermissive-fpermissive]8;;[m[K]
[4.750s]    85 |         [01;31m[KRCLCPP_WARN[m[K(get_logger(), "Hoop detection failed: %s", e.what());
[4.750s]       |         [01;31m[K^~~~~~~~~~~[m[K
[4.750s] [01m[K/home/niu/Desktop/ros2_hoop_detector/src/hoop_detector/src/hoop_detector_node.cpp:85:9:[m[K [01;31m[Kerror: [m[Ktemplate argument 1 is invalid
[4.750s]    85 |         [01;31m[KRCLCPP_WARN[m[K(get_logger(), "Hoop detection failed: %s", e.what());
[4.750s]       |         [01;31m[K^~~~~~~~~~~[m[K
[4.750s] [01m[K/home/niu/Desktop/ros2_hoop_detector/src/hoop_detector/src/hoop_detector_node.cpp:85:9:[m[K [01;31m[Kerror: [m[Kâ€˜[01m[K<declaration error>[m[Kâ€™ is not a template [[01;31m[K]8;;https://gcc.gnu.org/onlinedocs/gcc/Warning-Options.html#index-fpermissive-fpermissive]8;;[m[K]
[4.750s]    85 |         [01;31m[KRCLCPP_WARN[m[K(get_logger(), "Hoop detection failed: %s", e.what());
[4.750s]       |         [01;31m[K^~~~~~~~~~~[m[K
[4.750s] [01m[K/home/niu/Desktop/ros2_hoop_detector/src/hoop_detector/src/hoop_detector_node.cpp:85:9:[m[K [01;31m[Kerror: [m[Ktemplate argument 1 is invalid
[4.750s]    85 |         [01;31m[KRCLCPP_WARN[m[K(get_logger(), "Hoop detection failed: %s", e.what());
[4.750s]       |         [01;31m[K^~~~~~~~~~~[m[K
[4.750s] In file included from [01m[K/opt/ros/humble/include/class_loader/class_loader/class_loader.hpp:56[m[K,
[4.750s]                  from [01m[K/opt/ros/humble/include/rclcpp_components/rclcpp_components/register_node_macro.hpp:18[m[K,
[4.750s]                  from [01m[K/home/niu/Desktop/ros2_hoop_detector/src/hoop_detector/src/hoop_detector_node.cpp:8[m[K:
[4.750s] [01m[K/home/niu/Desktop/ros2_hoop_detector/src/hoop_detector/src/hoop_detector_node.cpp:[m[K At global scope:
[4.750s] [01m[K/home/niu/Desktop/ros2_hoop_detector/src/hoop_detector/src/hoop_detector_node.cpp:91:48:[m[K [01;31m[Kerror: [m[Kâ€˜[01m[KHoopDetectorNode[m[Kâ€™ is not a member of â€˜[01m[Khoop_detector[m[Kâ€™
[4.750s]    91 | S_REGISTER_NODE(hoop_detector::[01;31m[KHoopDetectorNode[m[K)
[4.750s]       |                                [01;31m[K^~~~~~~~~~~~~~~~[m[K
[4.750s] 
[4.750s] [01m[K/home/niu/Desktop/ros2_hoop_detector/src/hoop_detector/src/hoop_detector_node.cpp:91:1:[m[K [01;31m[Kerror: [m[Ktemplate argument 1 is invalid
[4.751s]    91 | [01;31m[KRCLCPP_COMPONENTS_REGISTER_NODE[m[K(hoop_detector::HoopDetectorNode)
[4.751s]       | [01;31m[K^~~~~~~~~~~~~~~~~~~~~~~~~~~~~~~[m[K
[5.392s] In file included from [01m[K/opt/ros/humble/include/class_loader/class_loader/class_loader_core.hpp:57[m[K,
[5.392s]                  from [01m[K/opt/ros/humble/include/class_loader/class_loader/class_loader.hpp:55[m[K,
[5.392s]                  from [01m[K/opt/ros/humble/include/rclcpp_components/rclcpp_components/register_node_macro.hpp:18[m[K,
[5.392s]                  from [01m[K/home/niu/Desktop/ros2_hoop_detector/src/hoop_detector/src/hoop_detector_node.cpp:8[m[K:
[5.393s] /opt/ros/humble/include/class_loader/class_loader/meta_object.hpp: In instantiation of â€˜[01m[KB* class_loader::impl::MetaObject<C, B>::create() const [with C = int; B = rclcpp_components::NodeFactory][m[Kâ€™:
[5.393s] [01m[K/opt/ros/humble/include/class_loader/class_loader/meta_object.hpp:216:7:[m[K   required from here
[5.393s] [01m[K/opt/ros/humble/include/class_loader/class_loader/meta_object.hpp:218:12:[m[K [01;31m[Kerror: [m[Kcannot convert â€˜[01m[Kint*[m[Kâ€™ to â€˜[01m[Krclcpp_components::NodeFactory*[m[Kâ€™ in return
[5.393s]   218 |     return [01;31m[Knew C[m[K;
[5.393s]       |            [01;31m[K^~~~~[m[K
[5.393s]       |            [01;31m[K|[m[K
[5.393s]       |            [01;31m[Kint*[m[K
[5.463s] gmake[2]: *** [CMakeFiles/hoop_detector_component.dir/build.make:76ï¼šCMakeFiles/hoop_detector_component.dir/src/hoop_detector_node.cpp.o] é”™è¯¯ 1
[5.463s] gmake[1]: *** [CMakeFiles/Makefile2:165ï¼šCMakeFiles/hoop_detector_component.dir/all] é”™è¯¯ 2
[5.463s] gmake: *** [Makefile:146ï¼šall] é”™è¯¯ 2
[5.465s] Invoked command in '/home/niu/Desktop/ros2_hoop_detector/build/hoop_detector' returned '2': CMAKE_PREFIX_PATH=${CMAKE_PREFIX_PATH}:/home/niu/Desktop/ROBOCON25_simulation-master/install/visualizer:/home/niu/Desktop/ROBOCON25_simulation-master/install/omni_mpc_controller:/home/niu/Desktop/ROBOCON25_simulation-master/install/new_teleotwistkeyboard:/home/niu/Desktop/ROBOCON25_simulation-master/install/lidar_avoidance:/home/niu/Desktop/ROBOCON25_simulation-master/install/laser:/opt/ros/humble /usr/bin/cmake --build /home/niu/Desktop/ros2_hoop_detector/build/hoop_detector -- -j20 -l20
