[0.012s] Invoking command in '/home/niu/Desktop/ros2_hoop_detector/build/hoop_detector': CMAKE_PREFIX_PATH=${CMAKE_PREFIX_PATH}:/home/niu/Desktop/ROBOCON25_simulation-master/install/visualizer:/home/niu/Desktop/ROBOCON25_simulation-master/install/omni_mpc_controller:/home/niu/Desktop/ROBOCON25_simulation-master/install/new_teleotwistkeyboard:/home/niu/Desktop/ROBOCON25_simulation-master/install/lidar_avoidance:/home/niu/Desktop/ROBOCON25_simulation-master/install/laser:/opt/ros/humble /usr/bin/cmake --build /home/niu/Desktop/ros2_hoop_detector/build/hoop_detector -- -j20 -l20
[0.050s] [35m[1mConsolidate compiler generated dependencies of target hoop_detector_algorithm[0m
[0.062s] [ 25%] [32mBuilding CXX object CMakeFiles/hoop_detector_algorithm.dir/home/niu/Desktop/ros2_hoop_detector/hoop_detector.cpp.o[0m
[0.894s] In file included from [01m[K/home/niu/Desktop/ros2_hoop_detector/hoop_detector.cpp:1[m[K:
[0.894s] [01m[K/home/niu/Desktop/ros2_hoop_detector/hoop_detector.hpp:[m[K In constructor â€˜[01m[KHoopDetector::HoopDetector(int, double, double)[m[Kâ€™:
[0.894s] [01m[K/home/niu/Desktop/ros2_hoop_detector/hoop_detector.hpp:69:43:[m[K [01;35m[Kwarning: [m[Kâ€˜[01m[KHoopDetector::last_save_time_[m[Kâ€™ will be initialized after [[01;35m[K]8;;https://gcc.gnu.org/onlinedocs/gcc/Warning-Options.html#index-Wreorder-Wreorder]8;;[m[K]
[0.894s]    69 | teady_clock::time_point [01;35m[Klast_save_time_[m[K;
[0.894s]       |                         [01;35m[K^~~~~~~~~~~~~~~[m[K
[0.894s] 
[0.894s] [01m[K/home/niu/Desktop/ros2_hoop_detector/hoop_detector.hpp:48:43:[m[K [01;35m[Kwarning: [m[K  â€˜[01m[Kstd::chrono::_V2::steady_clock::time_point HoopDetector::last_log_time_[m[Kâ€™ [[01;35m[K]8;;https://gcc.gnu.org/onlinedocs/gcc/Warning-Options.html#index-Wreorder-Wreorder]8;;[m[K]
[0.894s]    48 | teady_clock::time_point [01;35m[Klast_log_time_[m[K;
[0.894s]       |                         [01;35m[K^~~~~~~~~~~~~~[m[K
[0.894s] 
[0.894s] [01m[K/home/niu/Desktop/ros2_hoop_detector/hoop_detector.cpp:16:1:[m[K [01;35m[Kwarning: [m[K  when initialized here [[01;35m[K]8;;https://gcc.gnu.org/onlinedocs/gcc/Warning-Options.html#index-Wreorder-Wreorder]8;;[m[K]
[0.894s]    16 | [01;35m[KHoopDetector[m[K::HoopDetector(int kernel_size, double solidity_threshold, double min_score)
[0.894s]       | [01;35m[K^~~~~~~~~~~~[m[K
[0.898s] [01m[K/home/niu/Desktop/ros2_hoop_detector/hoop_detector.cpp:[m[K At global scope:
[0.898s] [01m[K/home/niu/Desktop/ros2_hoop_detector/hoop_detector.cpp:148:27:[m[K [01;31m[Kerror: [m[Kno declaration matches â€˜[01m[Kstd::pair<cv::Point_<int>, int> HoopDetector::detectCircle()[m[Kâ€™
[0.898s]   148 | d::pair<cv::Point, int> [01;31m[KHoopDetector[m[K::detectCircle() {
[0.898s]       |                         [01;31m[K^~~~~~~~~~~~[m[K
[0.898s] 
[0.898s] [01m[K/home/niu/Desktop/ros2_hoop_detector/hoop_detector.cpp:148:27:[m[K [01;36m[Knote: [m[Kno functions named â€˜[01m[Kstd::pair<cv::Point_<int>, int> HoopDetector::detectCircle()[m[Kâ€™
[0.898s] In file included from [01m[K/home/niu/Desktop/ros2_hoop_detector/hoop_detector.cpp:1[m[K:
[0.898s] [01m[K/home/niu/Desktop/ros2_hoop_detector/hoop_detector.hpp:9:7:[m[K [01;36m[Knote: [m[Kâ€˜[01m[Kclass HoopDetector[m[Kâ€™ defined here
[0.898s]     9 | class [01;36m[KHoopDetector[m[K {
[0.898s]       |       [01;36m[K^~~~~~~~~~~~[m[K
[0.907s] [01m[K/home/niu/Desktop/ros2_hoop_detector/hoop_detector.cpp:494:11:[m[K [01;31m[Kerror: [m[Kno declaration matches â€˜[01m[Kcv::Vec3f HoopDetector::solvePnP(const Point&, int)[m[Kâ€™
[0.907s]   494 | cv::Vec3f [01;31m[KHoopDetector[m[K::solvePnP(const cv::Point& center, int radius) {
[0.907s]       |           [01;31m[K^~~~~~~~~~~~[m[K
[0.907s] In file included from [01m[K/home/niu/Desktop/ros2_hoop_detector/hoop_detector.cpp:1[m[K:
[0.907s] [01m[K/home/niu/Desktop/ros2_hoop_detector/hoop_detector.hpp:43:15:[m[K [01;36m[Knote: [m[Kcandidate is: â€˜[01m[Kcv::Vec3f HoopDetector::solvePnP(const cv::RotatedRect&)[m[Kâ€™
[0.907s]    43 |     cv::Vec3f [01;36m[KsolvePnP[m[K(const cv::RotatedRect& ellipse);
[0.907s]       |               [01;36m[K^~~~~~~~[m[K
[0.907s] [01m[K/home/niu/Desktop/ros2_hoop_detector/hoop_detector.hpp:9:7:[m[K [01;36m[Knote: [m[Kâ€˜[01m[Kclass HoopDetector[m[Kâ€™ defined here
[0.907s]     9 | class [01;36m[KHoopDetector[m[K {
[0.907s]       |       [01;36m[K^~~~~~~~~~~~[m[K
[1.216s] gmake[2]: *** [CMakeFiles/hoop_detector_algorithm.dir/build.make:76ï¼šCMakeFiles/hoop_detector_algorithm.dir/home/niu/Desktop/ros2_hoop_detector/hoop_detector.cpp.o] é”™è¯¯ 1
[1.216s] gmake[1]: *** [CMakeFiles/Makefile2:139ï¼šCMakeFiles/hoop_detector_algorithm.dir/all] é”™è¯¯ 2
[1.216s] gmake: *** [Makefile:146ï¼šall] é”™è¯¯ 2
[1.218s] Invoked command in '/home/niu/Desktop/ros2_hoop_detector/build/hoop_detector' returned '2': CMAKE_PREFIX_PATH=${CMAKE_PREFIX_PATH}:/home/niu/Desktop/ROBOCON25_simulation-master/install/visualizer:/home/niu/Desktop/ROBOCON25_simulation-master/install/omni_mpc_controller:/home/niu/Desktop/ROBOCON25_simulation-master/install/new_teleotwistkeyboard:/home/niu/Desktop/ROBOCON25_simulation-master/install/lidar_avoidance:/home/niu/Desktop/ROBOCON25_simulation-master/install/laser:/opt/ros/humble /usr/bin/cmake --build /home/niu/Desktop/ros2_hoop_detector/build/hoop_detector -- -j20 -l20
