[35m[1mConsolidate compiler generated dependencies of target hoop_detector_algorithm[0m
[ 50%] Built target hoop_detector_algorithm
[35m[1mConsolidate compiler generated dependencies of target hoop_detector_component[0m
[ 75%] [32mBuilding CXX object CMakeFiles/hoop_detector_component.dir/src/hoop_detector_node.cpp.o[0m
[01m[K/home/niu/Desktop/ros2_hoop_detector/src/hoop_detector/src/hoop_detector_node.cpp:[m[K In member function â€˜[01m[Kvoid hoop_detector::HoopDetectorNode::imageCallback(const ConstSharedPtr&)[m[Kâ€™:
[01m[K/home/niu/Desktop/ros2_hoop_detector/src/hoop_detector/src/hoop_detector_node.cpp:60:45:[m[K [01;31m[Kerror: [m[Kâ€˜[01m[Kclass HoopDetector[m[Kâ€™ has no member named â€˜[01m[KdetectEllipse[m[Kâ€™
   60 |         cv::RotatedRect ellipse = detector_.[01;31m[KdetectEllipse[m[K();
      |                                             [01;31m[K^~~~~~~~~~~~~[m[K
gmake[2]: *** [CMakeFiles/hoop_detector_component.dir/build.make:76ï¼šCMakeFiles/hoop_detector_component.dir/src/hoop_detector_node.cpp.o] é”™è¯¯ 1
gmake[1]: *** [CMakeFiles/Makefile2:165ï¼šCMakeFiles/hoop_detector_component.dir/all] é”™è¯¯ 2
gmake: *** [Makefile:146ï¼šall] é”™è¯¯ 2
