[0.009s] Invoking command in '/home/niu/Desktop/ros2_hoop_detector/build/hoop_detector': CMAKE_PREFIX_PATH=${CMAKE_PREFIX_PATH}:/home/niu/Desktop/ROBOCON25_simulation-master/install/visualizer:/home/niu/Desktop/ROBOCON25_simulation-master/install/omni_mpc_controller:/home/niu/Desktop/ROBOCON25_simulation-master/install/new_teleotwistkeyboard:/home/niu/Desktop/ROBOCON25_simulation-master/install/lidar_avoidance:/home/niu/Desktop/ROBOCON25_simulation-master/install/laser:/opt/ros/humble /usr/bin/cmake --build /home/niu/Desktop/ros2_hoop_detector/build/hoop_detector -- -j20 -l20
[0.046s] [35m[1mConsolidate compiler generated dependencies of target hoop_detector_algorithm[0m
[0.058s] [ 50%] Built target hoop_detector_algorithm
[0.069s] [35m[1mConsolidate compiler generated dependencies of target hoop_detector_component[0m
[0.084s] [ 75%] [32mBuilding CXX object CMakeFiles/hoop_detector_component.dir/src/hoop_detector_node.cpp.o[0m
[1.907s] [01m[K/home/niu/Desktop/ros2_hoop_detector/src/hoop_detector/src/hoop_detector_node.cpp:[m[K In member function â€˜[01m[Kvoid hoop_detector::HoopDetectorNode::imageCallback(const ConstSharedPtr&)[m[Kâ€™:
[1.907s] [01m[K/home/niu/Desktop/ros2_hoop_detector/src/hoop_detector/src/hoop_detector_node.cpp:60:45:[m[K [01;31m[Kerror: [m[Kâ€˜[01m[Kclass HoopDetector[m[Kâ€™ has no member named â€˜[01m[KdetectEllipse[m[Kâ€™
[1.907s]    60 |         cv::RotatedRect ellipse = detector_.[01;31m[KdetectEllipse[m[K();
[1.907s]       |                                             [01;31m[K^~~~~~~~~~~~~[m[K
[2.872s] gmake[2]: *** [CMakeFiles/hoop_detector_component.dir/build.make:76ï¼šCMakeFiles/hoop_detector_component.dir/src/hoop_detector_node.cpp.o] é”™è¯¯ 1
[2.872s] gmake[1]: *** [CMakeFiles/Makefile2:165ï¼šCMakeFiles/hoop_detector_component.dir/all] é”™è¯¯ 2
[2.873s] gmake: *** [Makefile:146ï¼šall] é”™è¯¯ 2
[2.875s] Invoked command in '/home/niu/Desktop/ros2_hoop_detector/build/hoop_detector' returned '2': CMAKE_PREFIX_PATH=${CMAKE_PREFIX_PATH}:/home/niu/Desktop/ROBOCON25_simulation-master/install/visualizer:/home/niu/Desktop/ROBOCON25_simulation-master/install/omni_mpc_controller:/home/niu/Desktop/ROBOCON25_simulation-master/install/new_teleotwistkeyboard:/home/niu/Desktop/ROBOCON25_simulation-master/install/lidar_avoidance:/home/niu/Desktop/ROBOCON25_simulation-master/install/laser:/opt/ros/humble /usr/bin/cmake --build /home/niu/Desktop/ros2_hoop_detector/build/hoop_detector -- -j20 -l20
