In file included from [01m[K/home/niu/Desktop/ros2_hoop_detector/hoop_detector.cpp:1[m[K:
[01m[K/home/niu/Desktop/ros2_hoop_detector/hoop_detector.hpp:[m[K In constructor â€˜[01m[KHoopDetector::HoopDetector(int, double, double)[m[Kâ€™:
[01m[K/home/niu/Desktop/ros2_hoop_detector/hoop_detector.hpp:69:43:[m[K [01;35m[Kwarning: [m[Kâ€˜[01m[KHoopDetector::last_save_time_[m[Kâ€™ will be initialized after [[01;35m[K]8;;https://gcc.gnu.org/onlinedocs/gcc/Warning-Options.html#index-Wreorder-Wreorder]8;;[m[K]
   69 |     std::chrono::steady_clock::time_point [01;35m[Klast_save_time_[m[K;
      |                                           [01;35m[K^~~~~~~~~~~~~~~[m[K
[01m[K/home/niu/Desktop/ros2_hoop_detector/hoop_detector.hpp:48:43:[m[K [01;35m[Kwarning: [m[K  â€˜[01m[Kstd::chrono::_V2::steady_clock::time_point HoopDetector::last_log_time_[m[Kâ€™ [[01;35m[K]8;;https://gcc.gnu.org/onlinedocs/gcc/Warning-Options.html#index-Wreorder-Wreorder]8;;[m[K]
   48 |     std::chrono::steady_clock::time_point [01;35m[Klast_log_time_[m[K;
      |                                           [01;35m[K^~~~~~~~~~~~~~[m[K
[01m[K/home/niu/Desktop/ros2_hoop_detector/hoop_detector.cpp:16:1:[m[K [01;35m[Kwarning: [m[K  when initialized here [[01;35m[K]8;;https://gcc.gnu.org/onlinedocs/gcc/Warning-Options.html#index-Wreorder-Wreorder]8;;[m[K]
   16 | [01;35m[KHoopDetector[m[K::HoopDetector(int kernel_size, double solidity_threshold, double min_score)
      | [01;35m[K^~~~~~~~~~~~[m[K
[01m[K/home/niu/Desktop/ros2_hoop_detector/hoop_detector.cpp:[m[K In member function â€˜[01m[Kstd::pair<cv::Point_<int>, int> HoopDetector::detectCircle()[m[Kâ€™:
[01m[K/home/niu/Desktop/ros2_hoop_detector/hoop_detector.cpp:245:23:[m[K [01;35m[Kwarning: [m[Kvariable â€˜[01m[Kposition[m[Kâ€™ set but not used [[01;35m[K]8;;https://gcc.gnu.org/onlinedocs/gcc/Warning-Options.html#index-Wunused-but-set-variable-Wunused-but-set-variable]8;;[m[K]
  245 |             cv::Vec3f [01;35m[Kposition[m[K = solvePnP(center, radius);
      |                       [01;35m[K^~~~~~~~[m[K
In file included from [01m[K/home/niu/Desktop/ros2_hoop_detector/src/hoop_detector/src/hoop_detector_node.cpp:2[m[K:
[01m[K/home/niu/Desktop/ros2_hoop_detector/src/hoop_detector/include/hoop_detector/hoop_detector.hpp:97:40:[m[K [01;31m[Kerror: [m[Kâ€˜[01m[Kæ»‘åŠ¨çª—å£å¤§å°[m[Kâ€™ does not name a type
   97 |     const int N_FRAMES_SMOOTHING = 10; [01;31m[Kæ»‘åŠ¨çª—å£å¤§å°[m[K
      |                                        [01;31m[K^~~~~~~~~~~~[m[K
[01m[K/home/niu/Desktop/ros2_hoop_detector/src/hoop_detector/include/hoop_detector/hoop_detector.hpp:98:27:[m[K [01;31m[Kerror: [m[Kâ€˜[01m[Kå‰”é™¤æå€¼ä¸ªæ•°[m[Kâ€™ does not name a type
   98 |     const int N_TRIM = 1; [01;31m[Kå‰”é™¤æå€¼ä¸ªæ•°[m[K
      |                           [01;31m[K^~~~~~~~~~~~[m[K
[01m[K/home/niu/Desktop/ros2_hoop_detector/src/hoop_detector/include/hoop_detector/hoop_detector.hpp:109:47:[m[K [01;31m[Kerror: [m[Kâ€˜[01m[Kconstexpr const int HoopDetector::N_FRAMES_SMOOTHING[m[Kâ€™ conflicts with a previous declaration
  109 |     static constexpr int N_FRAMES_SMOOTHING = [01;31m[K15[m[K; // æ»‘åŠ¨çª—å£å¤§å°
      |                                               [01;31m[K^~[m[K
[01m[K/home/niu/Desktop/ros2_hoop_detector/src/hoop_detector/include/hoop_detector/hoop_detector.hpp:97:15:[m[K [01;36m[Knote: [m[Kprevious declaration â€˜[01m[Kconst int HoopDetector::N_FRAMES_SMOOTHING[m[Kâ€™
   97 |     const int [01;36m[KN_FRAMES_SMOOTHING[m[K = 10; æ»‘åŠ¨çª—å£å¤§å°
      |               [01;36m[K^~~~~~~~~~~~~~~~~~[m[K
gmake[2]: *** [CMakeFiles/hoop_detector_component.dir/build.make:76ï¼šCMakeFiles/hoop_detector_component.dir/src/hoop_detector_node.cpp.o] é”™è¯¯ 1
gmake[1]: *** [CMakeFiles/Makefile2:165ï¼šCMakeFiles/hoop_detector_component.dir/all] é”™è¯¯ 2
gmake: *** [Makefile:146ï¼šall] é”™è¯¯ 2
