-- Found ament_cmake: 1.3.8 (/opt/ros/humble/share/ament_cmake/cmake)
-- Override CMake install command with custom implementation using symlinks instead of copying resources
-- Found rclcpp: 16.0.8 (/opt/ros/humble/share/rclcpp/cmake)
-- Found rosidl_generator_c: 3.1.5 (/opt/ros/humble/share/rosidl_generator_c/cmake)
-- Found rosidl_adapter: 3.1.5 (/opt/ros/humble/share/rosidl_adapter/cmake)
-- Found rosidl_generator_cpp: 3.1.5 (/opt/ros/humble/share/rosidl_generator_cpp/cmake)
-- Using all available rosidl_typesupport_c: rosidl_typesupport_fastrtps_c;rosidl_typesupport_introspection_c
-- Using all available rosidl_typesupport_cpp: rosidl_typesupport_fastrtps_cpp;rosidl_typesupport_introspection_cpp
-- Found rmw_implementation_cmake: 6.1.1 (/opt/ros/humble/share/rmw_implementation_cmake/cmake)
-- Found rmw_fastrtps_cpp: 6.2.6 (/opt/ros/humble/share/rmw_fastrtps_cpp/cmake)
-- Using RMW implementation 'rmw_fastrtps_cpp' as default
-- Found rclcpp_components: 16.0.8 (/opt/ros/humble/share/rclcpp_components/cmake)
-- Found sensor_msgs: 4.2.3 (/opt/ros/humble/share/sensor_msgs/cmake)
-- Found cv_bridge: 3.2.1 (/opt/ros/humble/share/cv_bridge/cmake)
-- Found image_transport: 3.1.9 (/opt/ros/humble/share/image_transport/cmake)
-- Found tf2: 0.25.6 (/opt/ros/humble/share/tf2/cmake)
-- Found tf2_ros: 0.25.6 (/opt/ros/humble/share/tf2_ros/cmake)
-- Found tf2_geometry_msgs: 0.25.6 (/opt/ros/humble/share/tf2_geometry_msgs/cmake)
-- Found eigen3_cmake_module: 0.1.1 (/opt/ros/humble/share/eigen3_cmake_module/cmake)
-- Ensuring Eigen3 include directory is part of orocos-kdl CMake target
-- Found visualization_msgs: 4.2.3 (/opt/ros/humble/share/visualization_msgs/cmake)
-- Found ament_lint_auto: 0.12.10 (/opt/ros/humble/share/ament_lint_auto/cmake)
-- Added test 'cppcheck' to perform static code analysis on C / C++ code
-- Configured cppcheck include dirs: /home/niu/Desktop/ros2_hoop_detector/src/hoop_detector/include;$<BUILD_INTERFACE:/home/niu/Desktop/ros2_hoop_detector/src/hoop_detector/include>;/home/niu/Desktop/ros2_hoop_detector/src/hoop_detector/../..
-- Configured cppcheck exclude dirs and/or files: 
-- Added test 'lint_cmake' to check CMake code style
-- Added test 'uncrustify' to check C / C++ code style
-- Configured uncrustify additional arguments: 
-- Added test 'xmllint' to check XML markup files
-- Configuring done
-- Generating done
-- Build files have been written to: /home/niu/Desktop/ros2_hoop_detector/build/hoop_detector
[35m[1mConsolidate compiler generated dependencies of target hoop_detector_algorithm[0m
[ 25%] [32mBuilding CXX object CMakeFiles/hoop_detector_algorithm.dir/home/niu/Desktop/ros2_hoop_detector/hoop_detector.cpp.o[0m
In file included from [01m[K/home/niu/Desktop/ros2_hoop_detector/hoop_detector.cpp:1[m[K:
[01m[K/home/niu/Desktop/ros2_hoop_detector/hoop_detector.hpp:[m[K In constructor ‚Äò[01m[KHoopDetector::HoopDetector(int, double, double)[m[K‚Äô:
[01m[K/home/niu/Desktop/ros2_hoop_detector/hoop_detector.hpp:69:43:[m[K [01;35m[Kwarning: [m[K‚Äò[01m[KHoopDetector::last_save_time_[m[K‚Äô will be initialized after [[01;35m[K]8;;https://gcc.gnu.org/onlinedocs/gcc/Warning-Options.html#index-Wreorder-Wreorder]8;;[m[K]
   69 |     std::chrono::steady_clock::time_point [01;35m[Klast_save_time_[m[K;
      |                                           [01;35m[K^~~~~~~~~~~~~~~[m[K
[01m[K/home/niu/Desktop/ros2_hoop_detector/hoop_detector.hpp:48:43:[m[K [01;35m[Kwarning: [m[K  ‚Äò[01m[Kstd::chrono::_V2::steady_clock::time_point HoopDetector::last_log_time_[m[K‚Äô [[01;35m[K]8;;https://gcc.gnu.org/onlinedocs/gcc/Warning-Options.html#index-Wreorder-Wreorder]8;;[m[K]
   48 |     std::chrono::steady_clock::time_point [01;35m[Klast_log_time_[m[K;
      |                                           [01;35m[K^~~~~~~~~~~~~~[m[K
[01m[K/home/niu/Desktop/ros2_hoop_detector/hoop_detector.cpp:16:1:[m[K [01;35m[Kwarning: [m[K  when initialized here [[01;35m[K]8;;https://gcc.gnu.org/onlinedocs/gcc/Warning-Options.html#index-Wreorder-Wreorder]8;;[m[K]
   16 | [01;35m[KHoopDetector[m[K::HoopDetector(int kernel_size, double solidity_threshold, double min_score)
      | [01;35m[K^~~~~~~~~~~~[m[K
[01m[K/home/niu/Desktop/ros2_hoop_detector/hoop_detector.cpp:[m[K In member function ‚Äò[01m[Kstd::pair<cv::Point_<int>, int> HoopDetector::detectCircle()[m[K‚Äô:
[01m[K/home/niu/Desktop/ros2_hoop_detector/hoop_detector.cpp:245:23:[m[K [01;35m[Kwarning: [m[Kvariable ‚Äò[01m[Kposition[m[K‚Äô set but not used [[01;35m[K]8;;https://gcc.gnu.org/onlinedocs/gcc/Warning-Options.html#index-Wunused-but-set-variable-Wunused-but-set-variable]8;;[m[K]
  245 |             cv::Vec3f [01;35m[Kposition[m[K = solvePnP(center, radius);
      |                       [01;35m[K^~~~~~~~[m[K
[ 50%] [32m[1mLinking CXX static library libhoop_detector_algorithm.a[0m
[ 50%] Built target hoop_detector_algorithm
[35m[1mConsolidate compiler generated dependencies of target hoop_detector_component[0m
[ 75%] [32mBuilding CXX object CMakeFiles/hoop_detector_component.dir/src/hoop_detector_node.cpp.o[0m
In file included from [01m[K/home/niu/Desktop/ros2_hoop_detector/src/hoop_detector/src/hoop_detector_node.cpp:2[m[K:
[01m[K/home/niu/Desktop/ros2_hoop_detector/src/hoop_detector/include/hoop_detector/hoop_detector.hpp:97:40:[m[K [01;31m[Kerror: [m[K‚Äò[01m[KÊªëÂä®Á™óÂè£Â§ßÂ∞è[m[K‚Äô does not name a type
   97 |     const int N_FRAMES_SMOOTHING = 10; [01;31m[KÊªëÂä®Á™óÂè£Â§ßÂ∞è[m[K
      |                                        [01;31m[K^~~~~~~~~~~~[m[K
[01m[K/home/niu/Desktop/ros2_hoop_detector/src/hoop_detector/include/hoop_detector/hoop_detector.hpp:98:27:[m[K [01;31m[Kerror: [m[K‚Äò[01m[KÂâîÈô§ÊûÅÂÄº‰∏™Êï∞[m[K‚Äô does not name a type
   98 |     const int N_TRIM = 1; [01;31m[KÂâîÈô§ÊûÅÂÄº‰∏™Êï∞[m[K
      |                           [01;31m[K^~~~~~~~~~~~[m[K
[01m[K/home/niu/Desktop/ros2_hoop_detector/src/hoop_detector/include/hoop_detector/hoop_detector.hpp:109:47:[m[K [01;31m[Kerror: [m[K‚Äò[01m[Kconstexpr const int HoopDetector::N_FRAMES_SMOOTHING[m[K‚Äô conflicts with a previous declaration
  109 |     static constexpr int N_FRAMES_SMOOTHING = [01;31m[K15[m[K; // ÊªëÂä®Á™óÂè£Â§ßÂ∞è
      |                                               [01;31m[K^~[m[K
[01m[K/home/niu/Desktop/ros2_hoop_detector/src/hoop_detector/include/hoop_detector/hoop_detector.hpp:97:15:[m[K [01;36m[Knote: [m[Kprevious declaration ‚Äò[01m[Kconst int HoopDetector::N_FRAMES_SMOOTHING[m[K‚Äô
   97 |     const int [01;36m[KN_FRAMES_SMOOTHING[m[K = 10; ÊªëÂä®Á™óÂè£Â§ßÂ∞è
      |               [01;36m[K^~~~~~~~~~~~~~~~~~[m[K
gmake[2]: *** [CMakeFiles/hoop_detector_component.dir/build.make:76ÔºöCMakeFiles/hoop_detector_component.dir/src/hoop_detector_node.cpp.o] ÈîôËØØ 1
gmake[1]: *** [CMakeFiles/Makefile2:165ÔºöCMakeFiles/hoop_detector_component.dir/all] ÈîôËØØ 2
gmake: *** [Makefile:146Ôºöall] ÈîôËØØ 2
